FATAL [AWT-EventQueue-0] 2022-03-22 17:43:15,251 repast.simphony.ui.RSUIPlugin - Fatal error starting Repast
java.lang.NoClassDefFoundError: CoordinateReferenceSystem
	at java.base/java.lang.Class.getDeclaredMethods0(Native Method)
	at java.base/java.lang.Class.privateGetDeclaredMethods(Class.java:3244)
	at java.base/java.lang.Class.privateGetPublicMethods(Class.java:3269)
	at java.base/java.lang.Class.getMethods(Class.java:1918)
	at repast.simphony.engine.watcher.WatchAnnotationReader.findWatchAnnotation(WatchAnnotationReader.java:42)
	at repast.simphony.engine.watcher.WatchAnnotationReader.processClass(WatchAnnotationReader.java:30)
	at repast.simphony.engine.watcher.WatchAnnotationReader.processClasses(WatchAnnotationReader.java:36)
	at repast.simphony.scenario.ScenarioLoader.load(ScenarioLoader.java:155)
	at repast.simphony.ui.RSApplication.open(RSApplication.java:359)
	at repast.simphony.ui.RSAppConfigurator.postWindowOpen(RSAppConfigurator.java:39)
	at saf.core.ui.GUICreatorDelegate.runDisplay(GUICreatorDelegate.java:216)
	at saf.core.ui.GUICreator$1.run(GUICreator.java:18)
	at simphony.util.ThreadUtilities$Runner.run(ThreadUtilities.java:33)
	at simphony.util.ThreadUtilities.runInEventThread(ThreadUtilities.java:47)
	at saf.core.ui.GUICreator.runDisplay(GUICreator.java:16)
	at repast.simphony.ui.RSUIPlugin$1.run(RSUIPlugin.java:101)
	at java.desktop/java.awt.event.InvocationEvent.dispatch(InvocationEvent.java:316)
	at java.desktop/java.awt.EventQueue.dispatchEventImpl(EventQueue.java:770)
	at java.desktop/java.awt.EventQueue$4.run(EventQueue.java:721)
	at java.desktop/java.awt.EventQueue$4.run(EventQueue.java:715)
	at java.base/java.security.AccessController.doPrivileged(AccessController.java:391)
	at java.base/java.security.ProtectionDomain$JavaSecurityAccessImpl.doIntersectionPrivilege(ProtectionDomain.java:85)
	at java.desktop/java.awt.EventQueue.dispatchEvent(EventQueue.java:740)
	at java.desktop/java.awt.EventDispatchThread.pumpOneEventForFilters(EventDispatchThread.java:203)
	at java.desktop/java.awt.EventDispatchThread.pumpEventsForFilter(EventDispatchThread.java:124)
	at java.desktop/java.awt.EventDispatchThread.pumpEventsForHierarchy(EventDispatchThread.java:113)
	at java.desktop/java.awt.EventDispatchThread.pumpEvents(EventDispatchThread.java:109)
	at java.desktop/java.awt.EventDispatchThread.pumpEvents(EventDispatchThread.java:101)
	at java.desktop/java.awt.EventDispatchThread.run(EventDispatchThread.java:90)
Caused by: java.lang.ClassNotFoundException: CoordinateReferenceSystem
	at org.java.plugin.standard.StandardPluginClassLoader.loadClass(Unknown Source)
	at java.base/java.lang.ClassLoader.loadClass(ClassLoader.java:522)
	... 29 more
FATAL [AWT-EventQueue-0] 2022-03-22 17:54:37,851 repast.simphony.ui.RSUIPlugin - Fatal error starting Repast
java.lang.NoClassDefFoundError: CoordinateReferenceSystem
	at java.base/java.lang.Class.getDeclaredMethods0(Native Method)
	at java.base/java.lang.Class.privateGetDeclaredMethods(Class.java:3244)
	at java.base/java.lang.Class.privateGetPublicMethods(Class.java:3269)
	at java.base/java.lang.Class.getMethods(Class.java:1918)
	at repast.simphony.engine.watcher.WatchAnnotationReader.findWatchAnnotation(WatchAnnotationReader.java:42)
	at repast.simphony.engine.watcher.WatchAnnotationReader.processClass(WatchAnnotationReader.java:30)
	at repast.simphony.engine.watcher.WatchAnnotationReader.processClasses(WatchAnnotationReader.java:36)
	at repast.simphony.scenario.ScenarioLoader.load(ScenarioLoader.java:155)
	at repast.simphony.ui.RSApplication.open(RSApplication.java:359)
	at repast.simphony.ui.RSAppConfigurator.postWindowOpen(RSAppConfigurator.java:39)
	at saf.core.ui.GUICreatorDelegate.runDisplay(GUICreatorDelegate.java:216)
	at saf.core.ui.GUICreator$1.run(GUICreator.java:18)
	at simphony.util.ThreadUtilities$Runner.run(ThreadUtilities.java:33)
	at simphony.util.ThreadUtilities.runInEventThread(ThreadUtilities.java:47)
	at saf.core.ui.GUICreator.runDisplay(GUICreator.java:16)
	at repast.simphony.ui.RSUIPlugin$1.run(RSUIPlugin.java:101)
	at java.desktop/java.awt.event.InvocationEvent.dispatch(InvocationEvent.java:316)
	at java.desktop/java.awt.EventQueue.dispatchEventImpl(EventQueue.java:770)
	at java.desktop/java.awt.EventQueue$4.run(EventQueue.java:721)
	at java.desktop/java.awt.EventQueue$4.run(EventQueue.java:715)
	at java.base/java.security.AccessController.doPrivileged(AccessController.java:391)
	at java.base/java.security.ProtectionDomain$JavaSecurityAccessImpl.doIntersectionPrivilege(ProtectionDomain.java:85)
	at java.desktop/java.awt.EventQueue.dispatchEvent(EventQueue.java:740)
	at java.desktop/java.awt.EventDispatchThread.pumpOneEventForFilters(EventDispatchThread.java:203)
	at java.desktop/java.awt.EventDispatchThread.pumpEventsForFilter(EventDispatchThread.java:124)
	at java.desktop/java.awt.EventDispatchThread.pumpEventsForHierarchy(EventDispatchThread.java:113)
	at java.desktop/java.awt.EventDispatchThread.pumpEvents(EventDispatchThread.java:109)
	at java.desktop/java.awt.EventDispatchThread.pumpEvents(EventDispatchThread.java:101)
	at java.desktop/java.awt.EventDispatchThread.run(EventDispatchThread.java:90)
Caused by: java.lang.ClassNotFoundException: CoordinateReferenceSystem
	at org.java.plugin.standard.StandardPluginClassLoader.loadClass(Unknown Source)
	at java.base/java.lang.ClassLoader.loadClass(ClassLoader.java:522)
	... 29 more
FATAL [AWT-EventQueue-0] 2022-03-22 19:45:32,450 repast.simphony.ui.RSUIPlugin - Fatal error starting Repast
java.lang.NoClassDefFoundError: ShapeFactory2D
	at java.base/java.lang.Class.getDeclaredMethods0(Native Method)
	at java.base/java.lang.Class.privateGetDeclaredMethods(Class.java:3244)
	at java.base/java.lang.Class.privateGetPublicMethods(Class.java:3269)
	at java.base/java.lang.Class.getMethods(Class.java:1918)
	at repast.simphony.engine.watcher.WatchAnnotationReader.findWatchAnnotation(WatchAnnotationReader.java:42)
	at repast.simphony.engine.watcher.WatchAnnotationReader.processClass(WatchAnnotationReader.java:30)
	at repast.simphony.engine.watcher.WatchAnnotationReader.processClasses(WatchAnnotationReader.java:36)
	at repast.simphony.scenario.ScenarioLoader.load(ScenarioLoader.java:155)
	at repast.simphony.ui.RSApplication.open(RSApplication.java:359)
	at repast.simphony.ui.RSAppConfigurator.postWindowOpen(RSAppConfigurator.java:39)
	at saf.core.ui.GUICreatorDelegate.runDisplay(GUICreatorDelegate.java:216)
	at saf.core.ui.GUICreator$1.run(GUICreator.java:18)
	at simphony.util.ThreadUtilities$Runner.run(ThreadUtilities.java:33)
	at simphony.util.ThreadUtilities.runInEventThread(ThreadUtilities.java:47)
	at saf.core.ui.GUICreator.runDisplay(GUICreator.java:16)
	at repast.simphony.ui.RSUIPlugin$1.run(RSUIPlugin.java:101)
	at java.desktop/java.awt.event.InvocationEvent.dispatch(InvocationEvent.java:316)
	at java.desktop/java.awt.EventQueue.dispatchEventImpl(EventQueue.java:770)
	at java.desktop/java.awt.EventQueue$4.run(EventQueue.java:721)
	at java.desktop/java.awt.EventQueue$4.run(EventQueue.java:715)
	at java.base/java.security.AccessController.doPrivileged(AccessController.java:391)
	at java.base/java.security.ProtectionDomain$JavaSecurityAccessImpl.doIntersectionPrivilege(ProtectionDomain.java:85)
	at java.desktop/java.awt.EventQueue.dispatchEvent(EventQueue.java:740)
	at java.desktop/java.awt.EventDispatchThread.pumpOneEventForFilters(EventDispatchThread.java:203)
	at java.desktop/java.awt.EventDispatchThread.pumpEventsForFilter(EventDispatchThread.java:124)
	at java.desktop/java.awt.EventDispatchThread.pumpEventsForHierarchy(EventDispatchThread.java:113)
	at java.desktop/java.awt.EventDispatchThread.pumpEvents(EventDispatchThread.java:109)
	at java.desktop/java.awt.EventDispatchThread.pumpEvents(EventDispatchThread.java:101)
	at java.desktop/java.awt.EventDispatchThread.run(EventDispatchThread.java:90)
Caused by: java.lang.ClassNotFoundException: ShapeFactory2D
	at org.java.plugin.standard.StandardPluginClassLoader.loadClass(Unknown Source)
	at java.base/java.lang.ClassLoader.loadClass(ClassLoader.java:522)
	... 29 more
ERROR [AWT-EventQueue-0] 2022-03-22 19:45:55,747 repast.simphony.ui.RSApplication - Scenario Load Error
repast.simphony.scenario.ScenarioLoadException: /home/bonnetg/Bureau/Recherche/collaborations/reulier/code/repast_workspace/simphony/LASCAR/LASCAR.rs/styles/user_path.xml (Aucun fichier ou dossier de ce type)
	at repast.simphony.scenario.ScenarioLoader.load(ScenarioLoader.java:229)
	at repast.simphony.ui.RSApplication.open(RSApplication.java:359)
	at repast.simphony.ui.RSApplication.open(RSApplication.java:345)
	at repast.simphony.ui.action.OpenScenario.actionPerformed(OpenScenario.java:17)
	at java.desktop/javax.swing.AbstractButton.fireActionPerformed(AbstractButton.java:1967)
	at java.desktop/javax.swing.AbstractButton$Handler.actionPerformed(AbstractButton.java:2308)
	at java.desktop/javax.swing.DefaultButtonModel.fireActionPerformed(DefaultButtonModel.java:405)
	at java.desktop/javax.swing.DefaultButtonModel.setPressed(DefaultButtonModel.java:262)
	at java.desktop/javax.swing.AbstractButton.doClick(AbstractButton.java:369)
	at java.desktop/javax.swing.plaf.basic.BasicMenuItemUI.doClick(BasicMenuItemUI.java:1020)
	at java.desktop/javax.swing.plaf.basic.BasicMenuItemUI$Handler.mouseReleased(BasicMenuItemUI.java:1064)
	at java.desktop/java.awt.Component.processMouseEvent(Component.java:6636)
	at java.desktop/javax.swing.JComponent.processMouseEvent(JComponent.java:3342)
	at java.desktop/java.awt.Component.processEvent(Component.java:6401)
	at java.desktop/java.awt.Container.processEvent(Container.java:2263)
	at java.desktop/java.awt.Component.dispatchEventImpl(Component.java:5012)
	at java.desktop/java.awt.Container.dispatchEventImpl(Container.java:2321)
	at java.desktop/java.awt.Component.dispatchEvent(Component.java:4844)
	at java.desktop/java.awt.LightweightDispatcher.retargetMouseEvent(Container.java:4919)
	at java.desktop/java.awt.LightweightDispatcher.processMouseEvent(Container.java:4548)
	at java.desktop/java.awt.LightweightDispatcher.dispatchEvent(Container.java:4489)
	at java.desktop/java.awt.Container.dispatchEventImpl(Container.java:2307)
	at java.desktop/java.awt.Window.dispatchEventImpl(Window.java:2764)
	at java.desktop/java.awt.Component.dispatchEvent(Component.java:4844)
	at java.desktop/java.awt.EventQueue.dispatchEventImpl(EventQueue.java:772)
	at java.desktop/java.awt.EventQueue$4.run(EventQueue.java:721)
	at java.desktop/java.awt.EventQueue$4.run(EventQueue.java:715)
	at java.base/java.security.AccessController.doPrivileged(AccessController.java:391)
	at java.base/java.security.ProtectionDomain$JavaSecurityAccessImpl.doIntersectionPrivilege(ProtectionDomain.java:85)
	at java.base/java.security.ProtectionDomain$JavaSecurityAccessImpl.doIntersectionPrivilege(ProtectionDomain.java:95)
	at java.desktop/java.awt.EventQueue$5.run(EventQueue.java:745)
	at java.desktop/java.awt.EventQueue$5.run(EventQueue.java:743)
	at java.base/java.security.AccessController.doPrivileged(AccessController.java:391)
	at java.base/java.security.ProtectionDomain$JavaSecurityAccessImpl.doIntersectionPrivilege(ProtectionDomain.java:85)
	at java.desktop/java.awt.EventQueue.dispatchEvent(EventQueue.java:742)
	at java.desktop/java.awt.EventDispatchThread.pumpOneEventForFilters(EventDispatchThread.java:203)
	at java.desktop/java.awt.EventDispatchThread.pumpEventsForFilter(EventDispatchThread.java:124)
	at java.desktop/java.awt.EventDispatchThread.pumpEventsForHierarchy(EventDispatchThread.java:113)
	at java.desktop/java.awt.EventDispatchThread.pumpEvents(EventDispatchThread.java:109)
	at java.desktop/java.awt.EventDispatchThread.pumpEvents(EventDispatchThread.java:101)
	at java.desktop/java.awt.EventDispatchThread.run(EventDispatchThread.java:90)
Caused by: java.io.FileNotFoundException: /home/bonnetg/Bureau/Recherche/collaborations/reulier/code/repast_workspace/simphony/LASCAR/LASCAR.rs/styles/user_path.xml (Aucun fichier ou dossier de ce type)
	at java.base/java.io.FileInputStream.open0(Native Method)
	at java.base/java.io.FileInputStream.open(FileInputStream.java:212)
	at java.base/java.io.FileInputStream.<init>(FileInputStream.java:154)
	at java.base/java.io.FileReader.<init>(FileReader.java:75)
	at repast.simphony.scenario.data.UserPathFileReader.read(UserPathFileReader.java:43)
	at repast.simphony.scenario.ScenarioLoader.load(ScenarioLoader.java:115)
	... 40 more
FATAL [AWT-EventQueue-0] 2022-03-22 19:47:51,652 repast.simphony.ui.RSUIPlugin - Fatal error starting Repast
java.lang.NoClassDefFoundError: ShapeFactory2D
	at java.base/java.lang.Class.getDeclaredMethods0(Native Method)
	at java.base/java.lang.Class.privateGetDeclaredMethods(Class.java:3244)
	at java.base/java.lang.Class.privateGetPublicMethods(Class.java:3269)
	at java.base/java.lang.Class.getMethods(Class.java:1918)
	at repast.simphony.engine.watcher.WatchAnnotationReader.findWatchAnnotation(WatchAnnotationReader.java:42)
	at repast.simphony.engine.watcher.WatchAnnotationReader.processClass(WatchAnnotationReader.java:30)
	at repast.simphony.engine.watcher.WatchAnnotationReader.processClasses(WatchAnnotationReader.java:36)
	at repast.simphony.scenario.ScenarioLoader.load(ScenarioLoader.java:155)
	at repast.simphony.ui.RSApplication.open(RSApplication.java:359)
	at repast.simphony.ui.RSAppConfigurator.postWindowOpen(RSAppConfigurator.java:39)
	at saf.core.ui.GUICreatorDelegate.runDisplay(GUICreatorDelegate.java:216)
	at saf.core.ui.GUICreator$1.run(GUICreator.java:18)
	at simphony.util.ThreadUtilities$Runner.run(ThreadUtilities.java:33)
	at simphony.util.ThreadUtilities.runInEventThread(ThreadUtilities.java:47)
	at saf.core.ui.GUICreator.runDisplay(GUICreator.java:16)
	at repast.simphony.ui.RSUIPlugin$1.run(RSUIPlugin.java:101)
	at java.desktop/java.awt.event.InvocationEvent.dispatch(InvocationEvent.java:316)
	at java.desktop/java.awt.EventQueue.dispatchEventImpl(EventQueue.java:770)
	at java.desktop/java.awt.EventQueue$4.run(EventQueue.java:721)
	at java.desktop/java.awt.EventQueue$4.run(EventQueue.java:715)
	at java.base/java.security.AccessController.doPrivileged(AccessController.java:391)
	at java.base/java.security.ProtectionDomain$JavaSecurityAccessImpl.doIntersectionPrivilege(ProtectionDomain.java:85)
	at java.desktop/java.awt.EventQueue.dispatchEvent(EventQueue.java:740)
	at java.desktop/java.awt.EventDispatchThread.pumpOneEventForFilters(EventDispatchThread.java:203)
	at java.desktop/java.awt.EventDispatchThread.pumpEventsForFilter(EventDispatchThread.java:124)
	at java.desktop/java.awt.EventDispatchThread.pumpEventsForHierarchy(EventDispatchThread.java:113)
	at java.desktop/java.awt.EventDispatchThread.pumpEvents(EventDispatchThread.java:109)
	at java.desktop/java.awt.EventDispatchThread.pumpEvents(EventDispatchThread.java:101)
	at java.desktop/java.awt.EventDispatchThread.run(EventDispatchThread.java:90)
Caused by: java.lang.ClassNotFoundException: ShapeFactory2D
	at org.java.plugin.standard.StandardPluginClassLoader.loadClass(Unknown Source)
	at java.base/java.lang.ClassLoader.loadClass(ClassLoader.java:522)
	... 29 more
FATAL [AWT-EventQueue-0] 2022-03-22 19:52:49,468 repast.simphony.ui.RSUIPlugin - Fatal error starting Repast
java.lang.NoClassDefFoundError: ShapeFactory2D
	at java.base/java.lang.Class.getDeclaredMethods0(Native Method)
	at java.base/java.lang.Class.privateGetDeclaredMethods(Class.java:3244)
	at java.base/java.lang.Class.privateGetPublicMethods(Class.java:3269)
	at java.base/java.lang.Class.getMethods(Class.java:1918)
	at repast.simphony.engine.watcher.WatchAnnotationReader.findWatchAnnotation(WatchAnnotationReader.java:42)
	at repast.simphony.engine.watcher.WatchAnnotationReader.processClass(WatchAnnotationReader.java:30)
	at repast.simphony.engine.watcher.WatchAnnotationReader.processClasses(WatchAnnotationReader.java:36)
	at repast.simphony.scenario.ScenarioLoader.load(ScenarioLoader.java:155)
	at repast.simphony.ui.RSApplication.open(RSApplication.java:359)
	at repast.simphony.ui.RSAppConfigurator.postWindowOpen(RSAppConfigurator.java:39)
	at saf.core.ui.GUICreatorDelegate.runDisplay(GUICreatorDelegate.java:216)
	at saf.core.ui.GUICreator$1.run(GUICreator.java:18)
	at simphony.util.ThreadUtilities$Runner.run(ThreadUtilities.java:33)
	at simphony.util.ThreadUtilities.runInEventThread(ThreadUtilities.java:47)
	at saf.core.ui.GUICreator.runDisplay(GUICreator.java:16)
	at repast.simphony.ui.RSUIPlugin$1.run(RSUIPlugin.java:101)
	at java.desktop/java.awt.event.InvocationEvent.dispatch(InvocationEvent.java:316)
	at java.desktop/java.awt.EventQueue.dispatchEventImpl(EventQueue.java:770)
	at java.desktop/java.awt.EventQueue$4.run(EventQueue.java:721)
	at java.desktop/java.awt.EventQueue$4.run(EventQueue.java:715)
	at java.base/java.security.AccessController.doPrivileged(AccessController.java:391)
	at java.base/java.security.ProtectionDomain$JavaSecurityAccessImpl.doIntersectionPrivilege(ProtectionDomain.java:85)
	at java.desktop/java.awt.EventQueue.dispatchEvent(EventQueue.java:740)
	at java.desktop/java.awt.EventDispatchThread.pumpOneEventForFilters(EventDispatchThread.java:203)
	at java.desktop/java.awt.EventDispatchThread.pumpEventsForFilter(EventDispatchThread.java:124)
	at java.desktop/java.awt.EventDispatchThread.pumpEventsForHierarchy(EventDispatchThread.java:113)
	at java.desktop/java.awt.EventDispatchThread.pumpEvents(EventDispatchThread.java:109)
	at java.desktop/java.awt.EventDispatchThread.pumpEvents(EventDispatchThread.java:101)
	at java.desktop/java.awt.EventDispatchThread.run(EventDispatchThread.java:90)
Caused by: java.lang.ClassNotFoundException: ShapeFactory2D
	at org.java.plugin.standard.StandardPluginClassLoader.loadClass(Unknown Source)
	at java.base/java.lang.ClassLoader.loadClass(ClassLoader.java:522)
	... 29 more
INFO  [AWT-EventQueue-0] 2022-03-22 21:12:02,866 repast.simphony.batch.gui.BatchConfigMediator - Writing batch run config file to: /home/bonnetg/Bureau/Recherche/collaborations/reulier/code/repast_workspace/simphony/LASCAR/output/config.props
INFO  [AWT-EventQueue-0] 2022-03-22 21:12:02,888 repast.simphony.batch.gui.BatchConfigMediator - Unrolling batch parameter file:
	/home/bonnetg/Bureau/Recherche/collaborations/reulier/code/repast_workspace/simphony/LASCAR/batch/batch_params.xml to
	/tmp/unrolledParamFile.txt
INFO  [SwingWorker-pool-1-thread-1] 2022-03-22 21:12:07,617 repast.simphony.batch.ssh.LocalSession - 
	Copying locally /tmp/bonnetg_localhost1219859196377969216.zip to 
/tmp/simphony_model_1647979925708 ...
INFO  [SwingWorker-pool-1-thread-1] 2022-03-22 21:12:07,632 repast.simphony.batch.ssh.LocalSession - Copying Finished.
INFO  [SwingWorker-pool-1-thread-1] 2022-03-22 21:12:07,633 repast.simphony.batch.ssh.SessionsDriver - Initialization Time: 0,0321
INFO  [SwingWorker-pool-1-thread-1] 2022-03-22 21:12:07,633 repast.simphony.batch.ssh.LocalSession - Unzipping model /tmp/simphony_model_1647979925708/bonnetg_localhost1219859196377969216.zip
INFO  [SwingWorker-pool-1-thread-1] 2022-03-22 21:12:07,869 repast.simphony.batch.ssh.LocalSession - Running model on localhost ...
INFO  [Thread-0] 2022-03-22 21:12:13,737 repast.simphony.batch.ssh.LocalSession - ERROR [main] 21:12:13,735 repast.simphony.batch.InstanceRunner - Error while running model
INFO  [Thread-0] 2022-03-22 21:12:13,737 repast.simphony.batch.ssh.LocalSession - java.lang.NoClassDefFoundError: ShapeFactory2D
INFO  [Thread-0] 2022-03-22 21:12:13,737 repast.simphony.batch.ssh.LocalSession - 	at java.base/java.lang.Class.getDeclaredMethods0(Native Method)
INFO  [Thread-0] 2022-03-22 21:12:13,737 repast.simphony.batch.ssh.LocalSession - 	at java.base/java.lang.Class.privateGetDeclaredMethods(Class.java:3244)
INFO  [Thread-0] 2022-03-22 21:12:13,737 repast.simphony.batch.ssh.LocalSession - 	at java.base/java.lang.Class.privateGetPublicMethods(Class.java:3269)
INFO  [Thread-0] 2022-03-22 21:12:13,737 repast.simphony.batch.ssh.LocalSession - 	at java.base/java.lang.Class.getMethods(Class.java:1918)
INFO  [Thread-0] 2022-03-22 21:12:13,737 repast.simphony.batch.ssh.LocalSession - 	at repast.simphony.engine.watcher.WatchAnnotationReader.findWatchAnnotation(WatchAnnotationReader.java:42)
INFO  [Thread-0] 2022-03-22 21:12:13,738 repast.simphony.batch.ssh.LocalSession - 	at repast.simphony.engine.watcher.WatchAnnotationReader.processClass(WatchAnnotationReader.java:30)
INFO  [Thread-0] 2022-03-22 21:12:13,738 repast.simphony.batch.ssh.LocalSession - 	at repast.simphony.engine.watcher.WatchAnnotationReader.processClasses(WatchAnnotationReader.java:36)
INFO  [Thread-0] 2022-03-22 21:12:13,738 repast.simphony.batch.ssh.LocalSession - 	at repast.simphony.scenario.ScenarioLoader.load(ScenarioLoader.java:155)
INFO  [Thread-0] 2022-03-22 21:12:13,738 repast.simphony.batch.ssh.LocalSession - 	at repast.simphony.batch.OneRunBatchRunner.init(OneRunBatchRunner.java:53)
INFO  [Thread-0] 2022-03-22 21:12:13,738 repast.simphony.batch.ssh.LocalSession - 	at repast.simphony.batch.OneRunBatchRunner.<init>(OneRunBatchRunner.java:47)
INFO  [Thread-0] 2022-03-22 21:12:13,738 repast.simphony.batch.ssh.LocalSession - 	at repast.simphony.batch.InstanceRunner.configure(InstanceRunner.java:159)
INFO  [Thread-0] 2022-03-22 21:12:13,738 repast.simphony.batch.ssh.LocalSession - 	at repast.simphony.batch.InstanceRunner.main(InstanceRunner.java:216)
INFO  [Thread-0] 2022-03-22 21:12:13,738 repast.simphony.batch.ssh.LocalSession - Caused by: java.lang.ClassNotFoundException: ShapeFactory2D
INFO  [Thread-0] 2022-03-22 21:12:13,738 repast.simphony.batch.ssh.LocalSession - 	at java.base/jdk.internal.loader.BuiltinClassLoader.loadClass(BuiltinClassLoader.java:602)
INFO  [Thread-0] 2022-03-22 21:12:13,738 repast.simphony.batch.ssh.LocalSession - 	at java.base/jdk.internal.loader.ClassLoaders$AppClassLoader.loadClass(ClassLoaders.java:178)
INFO  [Thread-0] 2022-03-22 21:12:13,738 repast.simphony.batch.ssh.LocalSession - 	at java.base/java.lang.ClassLoader.loadClass(ClassLoader.java:522)
INFO  [Thread-0] 2022-03-22 21:12:13,738 repast.simphony.batch.ssh.LocalSession - 	... 12 more
INFO  [Thread-0] 2022-03-22 21:12:13,844 repast.simphony.batch.ssh.LocalSession - ERROR [main] 21:12:13,843 repast.simphony.batch.InstanceRunner - Error while running model
INFO  [Thread-0] 2022-03-22 21:12:13,844 repast.simphony.batch.ssh.LocalSession - java.lang.NoClassDefFoundError: ShapeFactory2D
INFO  [Thread-0] 2022-03-22 21:12:13,845 repast.simphony.batch.ssh.LocalSession - 	at java.base/java.lang.Class.getDeclaredMethods0(Native Method)
INFO  [Thread-0] 2022-03-22 21:12:13,845 repast.simphony.batch.ssh.LocalSession - 	at java.base/java.lang.Class.privateGetDeclaredMethods(Class.java:3244)
INFO  [Thread-0] 2022-03-22 21:12:13,845 repast.simphony.batch.ssh.LocalSession - 	at java.base/java.lang.Class.privateGetPublicMethods(Class.java:3269)
INFO  [Thread-0] 2022-03-22 21:12:13,845 repast.simphony.batch.ssh.LocalSession - 	at java.base/java.lang.Class.getMethods(Class.java:1918)
INFO  [Thread-0] 2022-03-22 21:12:13,845 repast.simphony.batch.ssh.LocalSession - 	at repast.simphony.engine.watcher.WatchAnnotationReader.findWatchAnnotation(WatchAnnotationReader.java:42)
INFO  [Thread-0] 2022-03-22 21:12:13,845 repast.simphony.batch.ssh.LocalSession - 	at repast.simphony.engine.watcher.WatchAnnotationReader.processClass(WatchAnnotationReader.java:30)
INFO  [Thread-0] 2022-03-22 21:12:13,845 repast.simphony.batch.ssh.LocalSession - 	at repast.simphony.engine.watcher.WatchAnnotationReader.processClasses(WatchAnnotationReader.java:36)
INFO  [Thread-0] 2022-03-22 21:12:13,845 repast.simphony.batch.ssh.LocalSession - 	at repast.simphony.scenario.ScenarioLoader.load(ScenarioLoader.java:155)
INFO  [Thread-0] 2022-03-22 21:12:13,845 repast.simphony.batch.ssh.LocalSession - 	at repast.simphony.batch.OneRunBatchRunner.init(OneRunBatchRunner.java:53)
INFO  [Thread-0] 2022-03-22 21:12:13,845 repast.simphony.batch.ssh.LocalSession - 	at repast.simphony.batch.OneRunBatchRunner.<init>(OneRunBatchRunner.java:47)
INFO  [Thread-0] 2022-03-22 21:12:13,845 repast.simphony.batch.ssh.LocalSession - 	at repast.simphony.batch.InstanceRunner.configure(InstanceRunner.java:159)
INFO  [Thread-0] 2022-03-22 21:12:13,845 repast.simphony.batch.ssh.LocalSession - 	at repast.simphony.batch.InstanceRunner.main(InstanceRunner.java:216)
INFO  [Thread-0] 2022-03-22 21:12:13,845 repast.simphony.batch.ssh.LocalSession - Caused by: java.lang.ClassNotFoundException: ShapeFactory2D
INFO  [Thread-0] 2022-03-22 21:12:13,845 repast.simphony.batch.ssh.LocalSession - 	at java.base/jdk.internal.loader.BuiltinClassLoader.loadClass(BuiltinClassLoader.java:602)
INFO  [Thread-0] 2022-03-22 21:12:13,845 repast.simphony.batch.ssh.LocalSession - 	at java.base/jdk.internal.loader.ClassLoaders$AppClassLoader.loadClass(ClassLoaders.java:178)
INFO  [Thread-0] 2022-03-22 21:12:13,845 repast.simphony.batch.ssh.LocalSession - 	at java.base/java.lang.ClassLoader.loadClass(ClassLoader.java:522)
INFO  [Thread-0] 2022-03-22 21:12:13,846 repast.simphony.batch.ssh.LocalSession - 	... 12 more
INFO  [pool-2-thread-1] 2022-03-22 21:13:07,871 repast.simphony.batch.ssh.LocalDonePoller - Polled /tmp/simphony_model_1647979925708 for DONE:  yes
INFO  [SwingWorker-pool-1-thread-1] 2022-03-22 21:13:07,872 repast.simphony.batch.ssh.SessionsDriver - Run Time: 1,0040
INFO  [SwingWorker-pool-1-thread-1] 2022-03-22 21:13:07,874 repast.simphony.batch.ssh.LocalSession - Finding output on localhost in /tmp/simphony_model_1647979925708
INFO  [SwingWorker-pool-1-thread-1] 2022-03-22 21:13:07,878 repast.simphony.batch.ssh.SessionsDriver - Aggregating output into /home/bonnetg/Bureau/Recherche/collaborations/reulier/code/repast_workspace/simphony/LASCAR/output
INFO  [SwingWorker-pool-1-thread-1] 2022-03-22 21:13:07,879 repast.simphony.batch.ssh.SessionsDriver - Get Output Time: 0,0001
INFO  [SwingWorker-pool-1-thread-1] 2022-03-22 21:13:07,879 repast.simphony.batch.ssh.SessionsDriver - Finished. Elapsed Time: 1,0362
