2020-06-15 10:00:48,634 - Default Properties File: org/apache/velocity/runtime/defaults/velocity.properties
2020-06-15 10:00:48,634 - Trying to use logger class org.apache.velocity.runtime.log.SimpleLog4JLogSystem
2020-06-15 10:00:48,634 - Using logger class org.apache.velocity.runtime.log.SimpleLog4JLogSystem
2020-06-15 10:00:48,636 - Default ResourceManager initializing. (class org.apache.velocity.runtime.resource.ResourceManagerImpl)
2020-06-15 10:00:48,637 - Resource Loader Instantiated: org.apache.velocity.runtime.resource.loader.ClasspathResourceLoader
2020-06-15 10:00:48,637 - ClasspathResourceLoader : initialization starting.
2020-06-15 10:00:48,637 - ClasspathResourceLoader : initialization complete.
2020-06-15 10:00:48,638 - ResourceCache : initialized. (class org.apache.velocity.runtime.resource.ResourceCacheImpl)
2020-06-15 10:00:48,638 - Default ResourceManager initialization complete.
2020-06-15 10:00:48,639 - Loaded System Directive: org.apache.velocity.runtime.directive.Literal
2020-06-15 10:00:48,639 - Loaded System Directive: org.apache.velocity.runtime.directive.Macro
2020-06-15 10:00:48,641 - Loaded System Directive: org.apache.velocity.runtime.directive.Parse
2020-06-15 10:00:48,642 - Loaded System Directive: org.apache.velocity.runtime.directive.Include
2020-06-15 10:00:48,642 - Loaded System Directive: org.apache.velocity.runtime.directive.Foreach
2020-06-15 10:00:48,663 - Created: 20 parsers.
2020-06-15 10:00:48,666 - Velocimacro : initialization starting.
2020-06-15 10:00:48,666 - Velocimacro : adding VMs from VM library template : VM_global_library.vm
2020-06-15 10:00:48,668 - ResourceManager : unable to find resource 'VM_global_library.vm' in any resource loader.
2020-06-15 10:00:48,668 - Velocimacro : error using  VM library template VM_global_library.vm : org.apache.velocity.exception.ResourceNotFoundException: Unable to find resource 'VM_global_library.vm'
2020-06-15 10:00:48,668 - Velocimacro :  VM library template macro registration complete.
2020-06-15 10:00:48,668 - Velocimacro : allowInline = true : VMs can be defined inline in templates
2020-06-15 10:00:48,668 - Velocimacro : allowInlineToOverride = false : VMs defined inline may NOT replace previous VM definitions
2020-06-15 10:00:48,668 - Velocimacro : allowInlineLocal = false : VMs defined inline will be  global in scope if allowed.
2020-06-15 10:00:48,668 - Velocimacro : messages on  : VM system will output logging messages
2020-06-15 10:00:48,668 - Velocimacro : autoload off  : VM system will not automatically reload global library macros
2020-06-15 10:00:48,668 - Velocimacro : initialization complete.
2020-06-15 10:00:48,668 - Velocity successfully started.
2020-06-15 10:02:15,615 - SimpleLog4JLogSystem initialized using logfile 'velocity.log'
2020-06-15 10:02:15,615 - ************************************************************** 
2020-06-15 10:02:15,615 - Starting Jakarta Velocity v1.4
2020-06-15 10:02:15,615 - RuntimeInstance initializing.
2020-06-15 10:02:15,616 - Default Properties File: org/apache/velocity/runtime/defaults/velocity.properties
2020-06-15 10:02:15,616 - Trying to use logger class org.apache.velocity.runtime.log.SimpleLog4JLogSystem
2020-06-15 10:02:15,616 - Using logger class org.apache.velocity.runtime.log.SimpleLog4JLogSystem
2020-06-15 10:02:15,617 - Default ResourceManager initializing. (class org.apache.velocity.runtime.resource.ResourceManagerImpl)
2020-06-15 10:02:15,618 - Resource Loader Instantiated: org.apache.velocity.runtime.resource.loader.ClasspathResourceLoader
2020-06-15 10:02:15,618 - ClasspathResourceLoader : initialization starting.
2020-06-15 10:02:15,618 - ClasspathResourceLoader : initialization complete.
2020-06-15 10:02:15,619 - ResourceCache : initialized. (class org.apache.velocity.runtime.resource.ResourceCacheImpl)
2020-06-15 10:02:15,619 - Default ResourceManager initialization complete.
2020-06-15 10:02:15,620 - Loaded System Directive: org.apache.velocity.runtime.directive.Literal
2020-06-15 10:02:15,620 - Loaded System Directive: org.apache.velocity.runtime.directive.Macro
2020-06-15 10:02:15,621 - Loaded System Directive: org.apache.velocity.runtime.directive.Parse
2020-06-15 10:02:15,622 - Loaded System Directive: org.apache.velocity.runtime.directive.Include
2020-06-15 10:02:15,623 - Loaded System Directive: org.apache.velocity.runtime.directive.Foreach
2020-06-15 10:02:15,640 - Created: 20 parsers.
2020-06-15 10:02:15,642 - Velocimacro : initialization starting.
2020-06-15 10:02:15,642 - Velocimacro : adding VMs from VM library template : VM_global_library.vm
2020-06-15 10:02:15,643 - ResourceManager : unable to find resource 'VM_global_library.vm' in any resource loader.
2020-06-15 10:02:15,644 - Velocimacro : error using  VM library template VM_global_library.vm : org.apache.velocity.exception.ResourceNotFoundException: Unable to find resource 'VM_global_library.vm'
2020-06-15 10:02:15,644 - Velocimacro :  VM library template macro registration complete.
2020-06-15 10:02:15,644 - Velocimacro : allowInline = true : VMs can be defined inline in templates
2020-06-15 10:02:15,644 - Velocimacro : allowInlineToOverride = false : VMs defined inline may NOT replace previous VM definitions
2020-06-15 10:02:15,644 - Velocimacro : allowInlineLocal = false : VMs defined inline will be  global in scope if allowed.
2020-06-15 10:02:15,644 - Velocimacro : messages on  : VM system will output logging messages
2020-06-15 10:02:15,644 - Velocimacro : autoload off  : VM system will not automatically reload global library macros
2020-06-15 10:02:15,644 - Velocimacro : initialization complete.
2020-06-15 10:02:15,644 - Velocity successfully started.
2020-06-15 10:05:06,469 - SimpleLog4JLogSystem initialized using logfile 'velocity.log'
2020-06-15 10:05:06,470 - ************************************************************** 
2020-06-15 10:05:06,470 - Starting Jakarta Velocity v1.4
2020-06-15 10:05:06,470 - RuntimeInstance initializing.
2020-06-15 10:05:06,470 - Default Properties File: org/apache/velocity/runtime/defaults/velocity.properties
2020-06-15 10:05:06,470 - Trying to use logger class org.apache.velocity.runtime.log.SimpleLog4JLogSystem
2020-06-15 10:05:06,470 - Using logger class org.apache.velocity.runtime.log.SimpleLog4JLogSystem
2020-06-15 10:05:06,471 - Default ResourceManager initializing. (class org.apache.velocity.runtime.resource.ResourceManagerImpl)
2020-06-15 10:05:06,472 - Resource Loader Instantiated: org.apache.velocity.runtime.resource.loader.ClasspathResourceLoader
2020-06-15 10:05:06,473 - ClasspathResourceLoader : initialization starting.
2020-06-15 10:05:06,473 - ClasspathResourceLoader : initialization complete.
2020-06-15 10:05:06,473 - ResourceCache : initialized. (class org.apache.velocity.runtime.resource.ResourceCacheImpl)
2020-06-15 10:05:06,473 - Default ResourceManager initialization complete.
2020-06-15 10:05:06,474 - Loaded System Directive: org.apache.velocity.runtime.directive.Literal
2020-06-15 10:05:06,475 - Loaded System Directive: org.apache.velocity.runtime.directive.Macro
2020-06-15 10:05:06,476 - Loaded System Directive: org.apache.velocity.runtime.directive.Parse
2020-06-15 10:05:06,477 - Loaded System Directive: org.apache.velocity.runtime.directive.Include
2020-06-15 10:05:06,477 - Loaded System Directive: org.apache.velocity.runtime.directive.Foreach
2020-06-15 10:05:06,493 - Created: 20 parsers.
2020-06-15 10:05:06,496 - Velocimacro : initialization starting.
2020-06-15 10:05:06,496 - Velocimacro : adding VMs from VM library template : VM_global_library.vm
2020-06-15 10:05:06,497 - ResourceManager : unable to find resource 'VM_global_library.vm' in any resource loader.
2020-06-15 10:05:06,497 - Velocimacro : error using  VM library template VM_global_library.vm : org.apache.velocity.exception.ResourceNotFoundException: Unable to find resource 'VM_global_library.vm'
2020-06-15 10:05:06,497 - Velocimacro :  VM library template macro registration complete.
2020-06-15 10:05:06,497 - Velocimacro : allowInline = true : VMs can be defined inline in templates
2020-06-15 10:05:06,497 - Velocimacro : allowInlineToOverride = false : VMs defined inline may NOT replace previous VM definitions
2020-06-15 10:05:06,497 - Velocimacro : allowInlineLocal = false : VMs defined inline will be  global in scope if allowed.
2020-06-15 10:05:06,497 - Velocimacro : messages on  : VM system will output logging messages
2020-06-15 10:05:06,497 - Velocimacro : autoload off  : VM system will not automatically reload global library macros
2020-06-15 10:05:06,497 - Velocimacro : initialization complete.
2020-06-15 10:05:06,497 - Velocity successfully started.
2020-06-15 10:06:45,573 - SimpleLog4JLogSystem initialized using logfile 'velocity.log'
2020-06-15 10:06:45,574 - ************************************************************** 
2020-06-15 10:06:45,574 - Starting Jakarta Velocity v1.4
2020-06-15 10:06:45,574 - RuntimeInstance initializing.
2020-06-15 10:06:45,574 - Default Properties File: org/apache/velocity/runtime/defaults/velocity.properties
2020-06-15 10:06:45,574 - Trying to use logger class org.apache.velocity.runtime.log.SimpleLog4JLogSystem
2020-06-15 10:06:45,574 - Using logger class org.apache.velocity.runtime.log.SimpleLog4JLogSystem
2020-06-15 10:06:45,575 - Default ResourceManager initializing. (class org.apache.velocity.runtime.resource.ResourceManagerImpl)
2020-06-15 10:06:45,576 - Resource Loader Instantiated: org.apache.velocity.runtime.resource.loader.ClasspathResourceLoader
2020-06-15 10:06:45,577 - ClasspathResourceLoader : initialization starting.
2020-06-15 10:06:45,577 - ClasspathResourceLoader : initialization complete.
2020-06-15 10:06:45,577 - ResourceCache : initialized. (class org.apache.velocity.runtime.resource.ResourceCacheImpl)
2020-06-15 10:06:45,577 - Default ResourceManager initialization complete.
2020-06-15 10:06:45,578 - Loaded System Directive: org.apache.velocity.runtime.directive.Literal
2020-06-15 10:06:45,579 - Loaded System Directive: org.apache.velocity.runtime.directive.Macro
2020-06-15 10:06:45,580 - Loaded System Directive: org.apache.velocity.runtime.directive.Parse
2020-06-15 10:06:45,580 - Loaded System Directive: org.apache.velocity.runtime.directive.Include
2020-06-15 10:06:45,581 - Loaded System Directive: org.apache.velocity.runtime.directive.Foreach
2020-06-15 10:06:45,597 - Created: 20 parsers.
2020-06-15 10:06:45,600 - Velocimacro : initialization starting.
2020-06-15 10:06:45,600 - Velocimacro : adding VMs from VM library template : VM_global_library.vm
2020-06-15 10:06:45,601 - ResourceManager : unable to find resource 'VM_global_library.vm' in any resource loader.
2020-06-15 10:06:45,601 - Velocimacro : error using  VM library template VM_global_library.vm : org.apache.velocity.exception.ResourceNotFoundException: Unable to find resource 'VM_global_library.vm'
2020-06-15 10:06:45,601 - Velocimacro :  VM library template macro registration complete.
2020-06-15 10:06:45,601 - Velocimacro : allowInline = true : VMs can be defined inline in templates
2020-06-15 10:06:45,601 - Velocimacro : allowInlineToOverride = false : VMs defined inline may NOT replace previous VM definitions
2020-06-15 10:06:45,602 - Velocimacro : allowInlineLocal = false : VMs defined inline will be  global in scope if allowed.
2020-06-15 10:06:45,602 - Velocimacro : messages on  : VM system will output logging messages
2020-06-15 10:06:45,602 - Velocimacro : autoload off  : VM system will not automatically reload global library macros
2020-06-15 10:06:45,602 - Velocimacro : initialization complete.
2020-06-15 10:06:45,602 - Velocity successfully started.
2020-06-15 10:15:08,963 - SimpleLog4JLogSystem initialized using logfile 'velocity.log'
2020-06-15 10:15:08,963 - ************************************************************** 
2020-06-15 10:15:08,963 - Starting Jakarta Velocity v1.4
2020-06-15 10:15:08,963 - RuntimeInstance initializing.
2020-06-15 10:15:08,963 - Default Properties File: org/apache/velocity/runtime/defaults/velocity.properties
2020-06-15 10:15:08,964 - Trying to use logger class org.apache.velocity.runtime.log.SimpleLog4JLogSystem
2020-06-15 10:15:08,964 - Using logger class org.apache.velocity.runtime.log.SimpleLog4JLogSystem
2020-06-15 10:15:08,965 - Default ResourceManager initializing. (class org.apache.velocity.runtime.resource.ResourceManagerImpl)
2020-06-15 10:15:08,966 - Resource Loader Instantiated: org.apache.velocity.runtime.resource.loader.ClasspathResourceLoader
2020-06-15 10:15:08,966 - ClasspathResourceLoader : initialization starting.
2020-06-15 10:15:08,966 - ClasspathResourceLoader : initialization complete.
2020-06-15 10:15:08,967 - ResourceCache : initialized. (class org.apache.velocity.runtime.resource.ResourceCacheImpl)
2020-06-15 10:15:08,967 - Default ResourceManager initialization complete.
2020-06-15 10:15:08,967 - Loaded System Directive: org.apache.velocity.runtime.directive.Literal
2020-06-15 10:15:08,968 - Loaded System Directive: org.apache.velocity.runtime.directive.Macro
2020-06-15 10:15:08,969 - Loaded System Directive: org.apache.velocity.runtime.directive.Parse
2020-06-15 10:15:08,970 - Loaded System Directive: org.apache.velocity.runtime.directive.Include
2020-06-15 10:15:08,970 - Loaded System Directive: org.apache.velocity.runtime.directive.Foreach
2020-06-15 10:15:08,987 - Created: 20 parsers.
2020-06-15 10:15:08,989 - Velocimacro : initialization starting.
2020-06-15 10:15:08,989 - Velocimacro : adding VMs from VM library template : VM_global_library.vm
2020-06-15 10:15:08,992 - ResourceManager : unable to find resource 'VM_global_library.vm' in any resource loader.
2020-06-15 10:15:08,992 - Velocimacro : error using  VM library template VM_global_library.vm : org.apache.velocity.exception.ResourceNotFoundException: Unable to find resource 'VM_global_library.vm'
2020-06-15 10:15:08,992 - Velocimacro :  VM library template macro registration complete.
2020-06-15 10:15:08,993 - Velocimacro : allowInline = true : VMs can be defined inline in templates
2020-06-15 10:15:08,993 - Velocimacro : allowInlineToOverride = false : VMs defined inline may NOT replace previous VM definitions
2020-06-15 10:15:08,993 - Velocimacro : allowInlineLocal = false : VMs defined inline will be  global in scope if allowed.
2020-06-15 10:15:08,993 - Velocimacro : messages on  : VM system will output logging messages
2020-06-15 10:15:08,993 - Velocimacro : autoload off  : VM system will not automatically reload global library macros
2020-06-15 10:15:08,993 - Velocimacro : initialization complete.
2020-06-15 10:15:08,993 - Velocity successfully started.
2020-06-15 10:16:24,012 - SimpleLog4JLogSystem initialized using logfile 'velocity.log'
2020-06-15 10:16:24,012 - ************************************************************** 
2020-06-15 10:16:24,012 - Starting Jakarta Velocity v1.4
2020-06-15 10:16:24,012 - RuntimeInstance initializing.
2020-06-15 10:16:24,012 - Default Properties File: org/apache/velocity/runtime/defaults/velocity.properties
2020-06-15 10:16:24,012 - Trying to use logger class org.apache.velocity.runtime.log.SimpleLog4JLogSystem
2020-06-15 10:16:24,012 - Using logger class org.apache.velocity.runtime.log.SimpleLog4JLogSystem
2020-06-15 10:16:24,014 - Default ResourceManager initializing. (class org.apache.velocity.runtime.resource.ResourceManagerImpl)
2020-06-15 10:16:24,015 - Resource Loader Instantiated: org.apache.velocity.runtime.resource.loader.ClasspathResourceLoader
2020-06-15 10:16:24,015 - ClasspathResourceLoader : initialization starting.
2020-06-15 10:16:24,015 - ClasspathResourceLoader : initialization complete.
2020-06-15 10:16:24,016 - ResourceCache : initialized. (class org.apache.velocity.runtime.resource.ResourceCacheImpl)
2020-06-15 10:16:24,016 - Default ResourceManager initialization complete.
2020-06-15 10:16:24,017 - Loaded System Directive: org.apache.velocity.runtime.directive.Literal
2020-06-15 10:16:24,018 - Loaded System Directive: org.apache.velocity.runtime.directive.Macro
2020-06-15 10:16:24,019 - Loaded System Directive: org.apache.velocity.runtime.directive.Parse
2020-06-15 10:16:24,020 - Loaded System Directive: org.apache.velocity.runtime.directive.Include
2020-06-15 10:16:24,021 - Loaded System Directive: org.apache.velocity.runtime.directive.Foreach
2020-06-15 10:16:24,042 - Created: 20 parsers.
2020-06-15 10:16:24,045 - Velocimacro : initialization starting.
2020-06-15 10:16:24,045 - Velocimacro : adding VMs from VM library template : VM_global_library.vm
2020-06-15 10:16:24,046 - ResourceManager : unable to find resource 'VM_global_library.vm' in any resource loader.
2020-06-15 10:16:24,046 - Velocimacro : error using  VM library template VM_global_library.vm : org.apache.velocity.exception.ResourceNotFoundException: Unable to find resource 'VM_global_library.vm'
2020-06-15 10:16:24,046 - Velocimacro :  VM library template macro registration complete.
2020-06-15 10:16:24,046 - Velocimacro : allowInline = true : VMs can be defined inline in templates
2020-06-15 10:16:24,046 - Velocimacro : allowInlineToOverride = false : VMs defined inline may NOT replace previous VM definitions
2020-06-15 10:16:24,046 - Velocimacro : allowInlineLocal = false : VMs defined inline will be  global in scope if allowed.
2020-06-15 10:16:24,047 - Velocimacro : messages on  : VM system will output logging messages
2020-06-15 10:16:24,047 - Velocimacro : autoload off  : VM system will not automatically reload global library macros
2020-06-15 10:16:24,047 - Velocimacro : initialization complete.
2020-06-15 10:16:24,047 - Velocity successfully started.
2020-06-15 10:18:02,885 - SimpleLog4JLogSystem initialized using logfile 'velocity.log'
2020-06-15 10:18:02,885 - ************************************************************** 
2020-06-15 10:18:02,885 - Starting Jakarta Velocity v1.4
2020-06-15 10:18:02,885 - RuntimeInstance initializing.
2020-06-15 10:18:02,885 - Default Properties File: org/apache/velocity/runtime/defaults/velocity.properties
2020-06-15 10:18:02,885 - Trying to use logger class org.apache.velocity.runtime.log.SimpleLog4JLogSystem
2020-06-15 10:18:02,885 - Using logger class org.apache.velocity.runtime.log.SimpleLog4JLogSystem
2020-06-15 10:18:02,887 - Default ResourceManager initializing. (class org.apache.velocity.runtime.resource.ResourceManagerImpl)
2020-06-15 10:18:02,888 - Resource Loader Instantiated: org.apache.velocity.runtime.resource.loader.ClasspathResourceLoader
2020-06-15 10:18:02,888 - ClasspathResourceLoader : initialization starting.
2020-06-15 10:18:02,888 - ClasspathResourceLoader : initialization complete.
2020-06-15 10:18:02,889 - ResourceCache : initialized. (class org.apache.velocity.runtime.resource.ResourceCacheImpl)
2020-06-15 10:18:02,889 - Default ResourceManager initialization complete.
2020-06-15 10:18:02,889 - Loaded System Directive: org.apache.velocity.runtime.directive.Literal
2020-06-15 10:18:02,890 - Loaded System Directive: org.apache.velocity.runtime.directive.Macro
2020-06-15 10:18:02,891 - Loaded System Directive: org.apache.velocity.runtime.directive.Parse
2020-06-15 10:18:02,892 - Loaded System Directive: org.apache.velocity.runtime.directive.Include
2020-06-15 10:18:02,892 - Loaded System Directive: org.apache.velocity.runtime.directive.Foreach
2020-06-15 10:18:02,909 - Created: 20 parsers.
2020-06-15 10:18:02,912 - Velocimacro : initialization starting.
2020-06-15 10:18:02,912 - Velocimacro : adding VMs from VM library template : VM_global_library.vm
2020-06-15 10:18:02,913 - ResourceManager : unable to find resource 'VM_global_library.vm' in any resource loader.
2020-06-15 10:18:02,913 - Velocimacro : error using  VM library template VM_global_library.vm : org.apache.velocity.exception.ResourceNotFoundException: Unable to find resource 'VM_global_library.vm'
2020-06-15 10:18:02,913 - Velocimacro :  VM library template macro registration complete.
2020-06-15 10:18:02,913 - Velocimacro : allowInline = true : VMs can be defined inline in templates
2020-06-15 10:18:02,913 - Velocimacro : allowInlineToOverride = false : VMs defined inline may NOT replace previous VM definitions
2020-06-15 10:18:02,913 - Velocimacro : allowInlineLocal = false : VMs defined inline will be  global in scope if allowed.
2020-06-15 10:18:02,913 - Velocimacro : messages on  : VM system will output logging messages
2020-06-15 10:18:02,913 - Velocimacro : autoload off  : VM system will not automatically reload global library macros
2020-06-15 10:18:02,913 - Velocimacro : initialization complete.
2020-06-15 10:18:02,913 - Velocity successfully started.
2020-06-15 10:21:07,519 - SimpleLog4JLogSystem initialized using logfile 'velocity.log'
2020-06-15 10:21:07,519 - ************************************************************** 
2020-06-15 10:21:07,520 - Starting Jakarta Velocity v1.4
2020-06-15 10:21:07,520 - RuntimeInstance initializing.
2020-06-15 10:21:07,520 - Default Properties File: org/apache/velocity/runtime/defaults/velocity.properties
2020-06-15 10:21:07,520 - Trying to use logger class org.apache.velocity.runtime.log.SimpleLog4JLogSystem
2020-06-15 10:21:07,520 - Using logger class org.apache.velocity.runtime.log.SimpleLog4JLogSystem
2020-06-15 10:21:07,521 - Default ResourceManager initializing. (class org.apache.velocity.runtime.resource.ResourceManagerImpl)
2020-06-15 10:21:07,522 - Resource Loader Instantiated: org.apache.velocity.runtime.resource.loader.ClasspathResourceLoader
2020-06-15 10:21:07,523 - ClasspathResourceLoader : initialization starting.
2020-06-15 10:21:07,523 - ClasspathResourceLoader : initialization complete.
2020-06-15 10:21:07,523 - ResourceCache : initialized. (class org.apache.velocity.runtime.resource.ResourceCacheImpl)
2020-06-15 10:21:07,523 - Default ResourceManager initialization complete.
2020-06-15 10:21:07,524 - Loaded System Directive: org.apache.velocity.runtime.directive.Literal
2020-06-15 10:21:07,525 - Loaded System Directive: org.apache.velocity.runtime.directive.Macro
2020-06-15 10:21:07,526 - Loaded System Directive: org.apache.velocity.runtime.directive.Parse
2020-06-15 10:21:07,527 - Loaded System Directive: org.apache.velocity.runtime.directive.Include
2020-06-15 10:21:07,527 - Loaded System Directive: org.apache.velocity.runtime.directive.Foreach
2020-06-15 10:21:07,543 - Created: 20 parsers.
2020-06-15 10:21:07,546 - Velocimacro : initialization starting.
2020-06-15 10:21:07,546 - Velocimacro : adding VMs from VM library template : VM_global_library.vm
2020-06-15 10:21:07,547 - ResourceManager : unable to find resource 'VM_global_library.vm' in any resource loader.
2020-06-15 10:21:07,547 - Velocimacro : error using  VM library template VM_global_library.vm : org.apache.velocity.exception.ResourceNotFoundException: Unable to find resource 'VM_global_library.vm'
2020-06-15 10:21:07,547 - Velocimacro :  VM library template macro registration complete.
2020-06-15 10:21:07,547 - Velocimacro : allowInline = true : VMs can be defined inline in templates
2020-06-15 10:21:07,547 - Velocimacro : allowInlineToOverride = false : VMs defined inline may NOT replace previous VM definitions
2020-06-15 10:21:07,547 - Velocimacro : allowInlineLocal = false : VMs defined inline will be  global in scope if allowed.
2020-06-15 10:21:07,547 - Velocimacro : messages on  : VM system will output logging messages
2020-06-15 10:21:07,547 - Velocimacro : autoload off  : VM system will not automatically reload global library macros
2020-06-15 10:21:07,547 - Velocimacro : initialization complete.
2020-06-15 10:21:07,547 - Velocity successfully started.
2020-06-15 10:21:26,451 - SimpleLog4JLogSystem initialized using logfile 'velocity.log'
2020-06-15 10:21:26,452 - ************************************************************** 
2020-06-15 10:21:26,452 - Starting Jakarta Velocity v1.4
2020-06-15 10:21:26,452 - RuntimeInstance initializing.
2020-06-15 10:21:26,452 - Default Properties File: org/apache/velocity/runtime/defaults/velocity.properties
2020-06-15 10:21:26,452 - Trying to use logger class org.apache.velocity.runtime.log.SimpleLog4JLogSystem
2020-06-15 10:21:26,452 - Using logger class org.apache.velocity.runtime.log.SimpleLog4JLogSystem
2020-06-15 10:21:26,453 - Default ResourceManager initializing. (class org.apache.velocity.runtime.resource.ResourceManagerImpl)
2020-06-15 10:21:26,454 - Resource Loader Instantiated: org.apache.velocity.runtime.resource.loader.ClasspathResourceLoader
2020-06-15 10:21:26,455 - ClasspathResourceLoader : initialization starting.
2020-06-15 10:21:26,455 - ClasspathResourceLoader : initialization complete.
2020-06-15 10:21:26,456 - ResourceCache : initialized. (class org.apache.velocity.runtime.resource.ResourceCacheImpl)
2020-06-15 10:21:26,456 - Default ResourceManager initialization complete.
2020-06-15 10:21:26,457 - Loaded System Directive: org.apache.velocity.runtime.directive.Literal
2020-06-15 10:21:26,458 - Loaded System Directive: org.apache.velocity.runtime.directive.Macro
2020-06-15 10:21:26,460 - Loaded System Directive: org.apache.velocity.runtime.directive.Parse
2020-06-15 10:21:26,461 - Loaded System Directive: org.apache.velocity.runtime.directive.Include
2020-06-15 10:21:26,462 - Loaded System Directive: org.apache.velocity.runtime.directive.Foreach
2020-06-15 10:21:26,489 - Created: 20 parsers.
2020-06-15 10:21:26,493 - Velocimacro : initialization starting.
2020-06-15 10:21:26,493 - Velocimacro : adding VMs from VM library template : VM_global_library.vm
2020-06-15 10:21:26,495 - ResourceManager : unable to find resource 'VM_global_library.vm' in any resource loader.
2020-06-15 10:21:26,495 - Velocimacro : error using  VM library template VM_global_library.vm : org.apache.velocity.exception.ResourceNotFoundException: Unable to find resource 'VM_global_library.vm'
2020-06-15 10:21:26,495 - Velocimacro :  VM library template macro registration complete.
2020-06-15 10:21:26,495 - Velocimacro : allowInline = true : VMs can be defined inline in templates
2020-06-15 10:21:26,495 - Velocimacro : allowInlineToOverride = false : VMs defined inline may NOT replace previous VM definitions
2020-06-15 10:21:26,495 - Velocimacro : allowInlineLocal = false : VMs defined inline will be  global in scope if allowed.
2020-06-15 10:21:26,495 - Velocimacro : messages on  : VM system will output logging messages
2020-06-15 10:21:26,495 - Velocimacro : autoload off  : VM system will not automatically reload global library macros
2020-06-15 10:21:26,496 - Velocimacro : initialization complete.
2020-06-15 10:21:26,496 - Velocity successfully started.
2020-06-15 10:29:49,168 - SimpleLog4JLogSystem initialized using logfile 'velocity.log'
2020-06-15 10:29:49,169 - ************************************************************** 
2020-06-15 10:29:49,169 - Starting Jakarta Velocity v1.4
2020-06-15 10:29:49,169 - RuntimeInstance initializing.
2020-06-15 10:29:49,169 - Default Properties File: org/apache/velocity/runtime/defaults/velocity.properties
2020-06-15 10:29:49,169 - Trying to use logger class org.apache.velocity.runtime.log.SimpleLog4JLogSystem
2020-06-15 10:29:49,169 - Using logger class org.apache.velocity.runtime.log.SimpleLog4JLogSystem
2020-06-15 10:29:49,170 - Default ResourceManager initializing. (class org.apache.velocity.runtime.resource.ResourceManagerImpl)
2020-06-15 10:29:49,172 - Resource Loader Instantiated: org.apache.velocity.runtime.resource.loader.ClasspathResourceLoader
2020-06-15 10:29:49,172 - ClasspathResourceLoader : initialization starting.
2020-06-15 10:29:49,172 - ClasspathResourceLoader : initialization complete.
2020-06-15 10:29:49,173 - ResourceCache : initialized. (class org.apache.velocity.runtime.resource.ResourceCacheImpl)
2020-06-15 10:29:49,173 - Default ResourceManager initialization complete.
2020-06-15 10:29:49,173 - Loaded System Directive: org.apache.velocity.runtime.directive.Literal
2020-06-15 10:29:49,174 - Loaded System Directive: org.apache.velocity.runtime.directive.Macro
2020-06-15 10:29:49,175 - Loaded System Directive: org.apache.velocity.runtime.directive.Parse
2020-06-15 10:29:49,176 - Loaded System Directive: org.apache.velocity.runtime.directive.Include
2020-06-15 10:29:49,177 - Loaded System Directive: org.apache.velocity.runtime.directive.Foreach
2020-06-15 10:29:49,194 - Created: 20 parsers.
2020-06-15 10:29:49,197 - Velocimacro : initialization starting.
2020-06-15 10:29:49,197 - Velocimacro : adding VMs from VM library template : VM_global_library.vm
2020-06-15 10:29:49,198 - ResourceManager : unable to find resource 'VM_global_library.vm' in any resource loader.
2020-06-15 10:29:49,199 - Velocimacro : error using  VM library template VM_global_library.vm : org.apache.velocity.exception.ResourceNotFoundException: Unable to find resource 'VM_global_library.vm'
2020-06-15 10:29:49,199 - Velocimacro :  VM library template macro registration complete.
2020-06-15 10:29:49,199 - Velocimacro : allowInline = true : VMs can be defined inline in templates
2020-06-15 10:29:49,199 - Velocimacro : allowInlineToOverride = false : VMs defined inline may NOT replace previous VM definitions
2020-06-15 10:29:49,199 - Velocimacro : allowInlineLocal = false : VMs defined inline will be  global in scope if allowed.
2020-06-15 10:29:49,199 - Velocimacro : messages on  : VM system will output logging messages
2020-06-15 10:29:49,199 - Velocimacro : autoload off  : VM system will not automatically reload global library macros
2020-06-15 10:29:49,199 - Velocimacro : initialization complete.
2020-06-15 10:29:49,199 - Velocity successfully started.
2020-06-15 10:40:15,572 - SimpleLog4JLogSystem initialized using logfile 'velocity.log'
2020-06-15 10:40:15,573 - ************************************************************** 
2020-06-15 10:40:15,573 - Starting Jakarta Velocity v1.4
2020-06-15 10:40:15,573 - RuntimeInstance initializing.
2020-06-15 10:40:15,574 - Default Properties File: org/apache/velocity/runtime/defaults/velocity.properties
2020-06-15 10:40:15,574 - Trying to use logger class org.apache.velocity.runtime.log.SimpleLog4JLogSystem
2020-06-15 10:40:15,574 - Using logger class org.apache.velocity.runtime.log.SimpleLog4JLogSystem
2020-06-15 10:40:15,575 - Default ResourceManager initializing. (class org.apache.velocity.runtime.resource.ResourceManagerImpl)
2020-06-15 10:40:15,576 - Resource Loader Instantiated: org.apache.velocity.runtime.resource.loader.ClasspathResourceLoader
2020-06-15 10:40:15,577 - ClasspathResourceLoader : initialization starting.
2020-06-15 10:40:15,577 - ClasspathResourceLoader : initialization complete.
2020-06-15 10:40:15,577 - ResourceCache : initialized. (class org.apache.velocity.runtime.resource.ResourceCacheImpl)
2020-06-15 10:40:15,577 - Default ResourceManager initialization complete.
2020-06-15 10:40:15,578 - Loaded System Directive: org.apache.velocity.runtime.directive.Literal
2020-06-15 10:40:15,579 - Loaded System Directive: org.apache.velocity.runtime.directive.Macro
2020-06-15 10:40:15,580 - Loaded System Directive: org.apache.velocity.runtime.directive.Parse
2020-06-15 10:40:15,581 - Loaded System Directive: org.apache.velocity.runtime.directive.Include
2020-06-15 10:40:15,581 - Loaded System Directive: org.apache.velocity.runtime.directive.Foreach
2020-06-15 10:40:15,598 - Created: 20 parsers.
2020-06-15 10:40:15,601 - Velocimacro : initialization starting.
2020-06-15 10:40:15,601 - Velocimacro : adding VMs from VM library template : VM_global_library.vm
2020-06-15 10:40:15,603 - ResourceManager : unable to find resource 'VM_global_library.vm' in any resource loader.
2020-06-15 10:40:15,603 - Velocimacro : error using  VM library template VM_global_library.vm : org.apache.velocity.exception.ResourceNotFoundException: Unable to find resource 'VM_global_library.vm'
2020-06-15 10:40:15,603 - Velocimacro :  VM library template macro registration complete.
2020-06-15 10:40:15,603 - Velocimacro : allowInline = true : VMs can be defined inline in templates
2020-06-15 10:40:15,603 - Velocimacro : allowInlineToOverride = false : VMs defined inline may NOT replace previous VM definitions
2020-06-15 10:40:15,603 - Velocimacro : allowInlineLocal = false : VMs defined inline will be  global in scope if allowed.
2020-06-15 10:40:15,603 - Velocimacro : messages on  : VM system will output logging messages
2020-06-15 10:40:15,603 - Velocimacro : autoload off  : VM system will not automatically reload global library macros
2020-06-15 10:40:15,603 - Velocimacro : initialization complete.
2020-06-15 10:40:15,603 - Velocity successfully started.
2020-06-15 10:41:29,430 - SimpleLog4JLogSystem initialized using logfile 'velocity.log'
2020-06-15 10:41:29,431 - ************************************************************** 
2020-06-15 10:41:29,431 - Starting Jakarta Velocity v1.4
2020-06-15 10:41:29,431 - RuntimeInstance initializing.
2020-06-15 10:41:29,431 - Default Properties File: org/apache/velocity/runtime/defaults/velocity.properties
2020-06-15 10:41:29,431 - Trying to use logger class org.apache.velocity.runtime.log.SimpleLog4JLogSystem
2020-06-15 10:41:29,431 - Using logger class org.apache.velocity.runtime.log.SimpleLog4JLogSystem
2020-06-15 10:41:29,432 - Default ResourceManager initializing. (class org.apache.velocity.runtime.resource.ResourceManagerImpl)
2020-06-15 10:41:29,433 - Resource Loader Instantiated: org.apache.velocity.runtime.resource.loader.ClasspathResourceLoader
2020-06-15 10:41:29,434 - ClasspathResourceLoader : initialization starting.
2020-06-15 10:41:29,434 - ClasspathResourceLoader : initialization complete.
2020-06-15 10:41:29,434 - ResourceCache : initialized. (class org.apache.velocity.runtime.resource.ResourceCacheImpl)
2020-06-15 10:41:29,434 - Default ResourceManager initialization complete.
2020-06-15 10:41:29,435 - Loaded System Directive: org.apache.velocity.runtime.directive.Literal
2020-06-15 10:41:29,436 - Loaded System Directive: org.apache.velocity.runtime.directive.Macro
2020-06-15 10:41:29,437 - Loaded System Directive: org.apache.velocity.runtime.directive.Parse
2020-06-15 10:41:29,438 - Loaded System Directive: org.apache.velocity.runtime.directive.Include
2020-06-15 10:41:29,439 - Loaded System Directive: org.apache.velocity.runtime.directive.Foreach
2020-06-15 10:41:29,457 - Created: 20 parsers.
2020-06-15 10:41:29,460 - Velocimacro : initialization starting.
2020-06-15 10:41:29,460 - Velocimacro : adding VMs from VM library template : VM_global_library.vm
2020-06-15 10:41:29,461 - ResourceManager : unable to find resource 'VM_global_library.vm' in any resource loader.
2020-06-15 10:41:29,461 - Velocimacro : error using  VM library template VM_global_library.vm : org.apache.velocity.exception.ResourceNotFoundException: Unable to find resource 'VM_global_library.vm'
2020-06-15 10:41:29,461 - Velocimacro :  VM library template macro registration complete.
2020-06-15 10:41:29,462 - Velocimacro : allowInline = true : VMs can be defined inline in templates
2020-06-15 10:41:29,462 - Velocimacro : allowInlineToOverride = false : VMs defined inline may NOT replace previous VM definitions
2020-06-15 10:41:29,462 - Velocimacro : allowInlineLocal = false : VMs defined inline will be  global in scope if allowed.
2020-06-15 10:41:29,462 - Velocimacro : messages on  : VM system will output logging messages
2020-06-15 10:41:29,462 - Velocimacro : autoload off  : VM system will not automatically reload global library macros
2020-06-15 10:41:29,462 - Velocimacro : initialization complete.
2020-06-15 10:41:29,462 - Velocity successfully started.
2020-06-15 10:42:47,512 - SimpleLog4JLogSystem initialized using logfile 'velocity.log'
2020-06-15 10:42:47,513 - ************************************************************** 
2020-06-15 10:42:47,513 - Starting Jakarta Velocity v1.4
2020-06-15 10:42:47,513 - RuntimeInstance initializing.
2020-06-15 10:42:47,513 - Default Properties File: org/apache/velocity/runtime/defaults/velocity.properties
2020-06-15 10:42:47,513 - Trying to use logger class org.apache.velocity.runtime.log.SimpleLog4JLogSystem
2020-06-15 10:42:47,513 - Using logger class org.apache.velocity.runtime.log.SimpleLog4JLogSystem
2020-06-15 10:42:47,514 - Default ResourceManager initializing. (class org.apache.velocity.runtime.resource.ResourceManagerImpl)
2020-06-15 10:42:47,515 - Resource Loader Instantiated: org.apache.velocity.runtime.resource.loader.ClasspathResourceLoader
2020-06-15 10:42:47,516 - ClasspathResourceLoader : initialization starting.
2020-06-15 10:42:47,516 - ClasspathResourceLoader : initialization complete.
2020-06-15 10:42:47,516 - ResourceCache : initialized. (class org.apache.velocity.runtime.resource.ResourceCacheImpl)
2020-06-15 10:42:47,517 - Default ResourceManager initialization complete.
2020-06-15 10:42:47,518 - Loaded System Directive: org.apache.velocity.runtime.directive.Literal
2020-06-15 10:42:47,518 - Loaded System Directive: org.apache.velocity.runtime.directive.Macro
2020-06-15 10:42:47,520 - Loaded System Directive: org.apache.velocity.runtime.directive.Parse
2020-06-15 10:42:47,521 - Loaded System Directive: org.apache.velocity.runtime.directive.Include
2020-06-15 10:42:47,521 - Loaded System Directive: org.apache.velocity.runtime.directive.Foreach
2020-06-15 10:42:47,540 - Created: 20 parsers.
2020-06-15 10:42:47,543 - Velocimacro : initialization starting.
2020-06-15 10:42:47,543 - Velocimacro : adding VMs from VM library template : VM_global_library.vm
2020-06-15 10:42:47,544 - ResourceManager : unable to find resource 'VM_global_library.vm' in any resource loader.
2020-06-15 10:42:47,544 - Velocimacro : error using  VM library template VM_global_library.vm : org.apache.velocity.exception.ResourceNotFoundException: Unable to find resource 'VM_global_library.vm'
2020-06-15 10:42:47,544 - Velocimacro :  VM library template macro registration complete.
2020-06-15 10:42:47,545 - Velocimacro : allowInline = true : VMs can be defined inline in templates
2020-06-15 10:42:47,545 - Velocimacro : allowInlineToOverride = false : VMs defined inline may NOT replace previous VM definitions
2020-06-15 10:42:47,545 - Velocimacro : allowInlineLocal = false : VMs defined inline will be  global in scope if allowed.
2020-06-15 10:42:47,545 - Velocimacro : messages on  : VM system will output logging messages
2020-06-15 10:42:47,545 - Velocimacro : autoload off  : VM system will not automatically reload global library macros
2020-06-15 10:42:47,545 - Velocimacro : initialization complete.
2020-06-15 10:42:47,545 - Velocity successfully started.
2020-06-15 10:43:36,090 - SimpleLog4JLogSystem initialized using logfile 'velocity.log'
2020-06-15 10:43:36,090 - ************************************************************** 
2020-06-15 10:43:36,090 - Starting Jakarta Velocity v1.4
2020-06-15 10:43:36,090 - RuntimeInstance initializing.
2020-06-15 10:43:36,090 - Default Properties File: org/apache/velocity/runtime/defaults/velocity.properties
2020-06-15 10:43:36,090 - Trying to use logger class org.apache.velocity.runtime.log.SimpleLog4JLogSystem
2020-06-15 10:43:36,091 - Using logger class org.apache.velocity.runtime.log.SimpleLog4JLogSystem
2020-06-15 10:43:36,092 - Default ResourceManager initializing. (class org.apache.velocity.runtime.resource.ResourceManagerImpl)
2020-06-15 10:43:36,094 - Resource Loader Instantiated: org.apache.velocity.runtime.resource.loader.ClasspathResourceLoader
2020-06-15 10:43:36,094 - ClasspathResourceLoader : initialization starting.
2020-06-15 10:43:36,094 - ClasspathResourceLoader : initialization complete.
2020-06-15 10:43:36,095 - ResourceCache : initialized. (class org.apache.velocity.runtime.resource.ResourceCacheImpl)
2020-06-15 10:43:36,095 - Default ResourceManager initialization complete.
2020-06-15 10:43:36,096 - Loaded System Directive: org.apache.velocity.runtime.directive.Literal
2020-06-15 10:43:36,097 - Loaded System Directive: org.apache.velocity.runtime.directive.Macro
2020-06-15 10:43:36,098 - Loaded System Directive: org.apache.velocity.runtime.directive.Parse
2020-06-15 10:43:36,099 - Loaded System Directive: org.apache.velocity.runtime.directive.Include
2020-06-15 10:43:36,099 - Loaded System Directive: org.apache.velocity.runtime.directive.Foreach
2020-06-15 10:43:36,118 - Created: 20 parsers.
2020-06-15 10:43:36,121 - Velocimacro : initialization starting.
2020-06-15 10:43:36,121 - Velocimacro : adding VMs from VM library template : VM_global_library.vm
2020-06-15 10:43:36,122 - ResourceManager : unable to find resource 'VM_global_library.vm' in any resource loader.
2020-06-15 10:43:36,122 - Velocimacro : error using  VM library template VM_global_library.vm : org.apache.velocity.exception.ResourceNotFoundException: Unable to find resource 'VM_global_library.vm'
2020-06-15 10:43:36,122 - Velocimacro :  VM library template macro registration complete.
2020-06-15 10:43:36,122 - Velocimacro : allowInline = true : VMs can be defined inline in templates
2020-06-15 10:43:36,122 - Velocimacro : allowInlineToOverride = false : VMs defined inline may NOT replace previous VM definitions
2020-06-15 10:43:36,122 - Velocimacro : allowInlineLocal = false : VMs defined inline will be  global in scope if allowed.
2020-06-15 10:43:36,122 - Velocimacro : messages on  : VM system will output logging messages
2020-06-15 10:43:36,123 - Velocimacro : autoload off  : VM system will not automatically reload global library macros
2020-06-15 10:43:36,123 - Velocimacro : initialization complete.
2020-06-15 10:43:36,123 - Velocity successfully started.
2020-06-15 11:52:47,214 - SimpleLog4JLogSystem initialized using logfile 'velocity.log'
2020-06-15 11:52:47,215 - ************************************************************** 
2020-06-15 11:52:47,215 - Starting Jakarta Velocity v1.4
2020-06-15 11:52:47,215 - RuntimeInstance initializing.
2020-06-15 11:52:47,215 - Default Properties File: org/apache/velocity/runtime/defaults/velocity.properties
2020-06-15 11:52:47,216 - Trying to use logger class org.apache.velocity.runtime.log.SimpleLog4JLogSystem
2020-06-15 11:52:47,216 - Using logger class org.apache.velocity.runtime.log.SimpleLog4JLogSystem
2020-06-15 11:52:47,217 - Default ResourceManager initializing. (class org.apache.velocity.runtime.resource.ResourceManagerImpl)
2020-06-15 11:52:47,219 - Resource Loader Instantiated: org.apache.velocity.runtime.resource.loader.ClasspathResourceLoader
2020-06-15 11:52:47,219 - ClasspathResourceLoader : initialization starting.
2020-06-15 11:52:47,219 - ClasspathResourceLoader : initialization complete.
2020-06-15 11:52:47,220 - ResourceCache : initialized. (class org.apache.velocity.runtime.resource.ResourceCacheImpl)
2020-06-15 11:52:47,220 - Default ResourceManager initialization complete.
2020-06-15 11:52:47,221 - Loaded System Directive: org.apache.velocity.runtime.directive.Literal
2020-06-15 11:52:47,222 - Loaded System Directive: org.apache.velocity.runtime.directive.Macro
2020-06-15 11:52:47,223 - Loaded System Directive: org.apache.velocity.runtime.directive.Parse
2020-06-15 11:52:47,224 - Loaded System Directive: org.apache.velocity.runtime.directive.Include
2020-06-15 11:52:47,224 - Loaded System Directive: org.apache.velocity.runtime.directive.Foreach
2020-06-15 11:52:47,241 - Created: 20 parsers.
2020-06-15 11:52:47,244 - Velocimacro : initialization starting.
2020-06-15 11:52:47,244 - Velocimacro : adding VMs from VM library template : VM_global_library.vm
2020-06-15 11:52:47,245 - ResourceManager : unable to find resource 'VM_global_library.vm' in any resource loader.
2020-06-15 11:52:47,246 - Velocimacro : error using  VM library template VM_global_library.vm : org.apache.velocity.exception.ResourceNotFoundException: Unable to find resource 'VM_global_library.vm'
2020-06-15 11:52:47,246 - Velocimacro :  VM library template macro registration complete.
2020-06-15 11:52:47,246 - Velocimacro : allowInline = true : VMs can be defined inline in templates
2020-06-15 11:52:47,246 - Velocimacro : allowInlineToOverride = false : VMs defined inline may NOT replace previous VM definitions
2020-06-15 11:52:47,246 - Velocimacro : allowInlineLocal = false : VMs defined inline will be  global in scope if allowed.
2020-06-15 11:52:47,246 - Velocimacro : messages on  : VM system will output logging messages
2020-06-15 11:52:47,246 - Velocimacro : autoload off  : VM system will not automatically reload global library macros
2020-06-15 11:52:47,246 - Velocimacro : initialization complete.
2020-06-15 11:52:47,246 - Velocity successfully started.
2020-06-15 11:53:16,314 - SimpleLog4JLogSystem initialized using logfile 'velocity.log'
2020-06-15 11:53:16,314 - ************************************************************** 
2020-06-15 11:53:16,314 - Starting Jakarta Velocity v1.4
2020-06-15 11:53:16,314 - RuntimeInstance initializing.
2020-06-15 11:53:16,314 - Default Properties File: org/apache/velocity/runtime/defaults/velocity.properties
2020-06-15 11:53:16,314 - Trying to use logger class org.apache.velocity.runtime.log.SimpleLog4JLogSystem
2020-06-15 11:53:16,314 - Using logger class org.apache.velocity.runtime.log.SimpleLog4JLogSystem
2020-06-15 11:53:16,316 - Default ResourceManager initializing. (class org.apache.velocity.runtime.resource.ResourceManagerImpl)
2020-06-15 11:53:16,317 - Resource Loader Instantiated: org.apache.velocity.runtime.resource.loader.ClasspathResourceLoader
2020-06-15 11:53:16,317 - ClasspathResourceLoader : initialization starting.
2020-06-15 11:53:16,317 - ClasspathResourceLoader : initialization complete.
2020-06-15 11:53:16,318 - ResourceCache : initialized. (class org.apache.velocity.runtime.resource.ResourceCacheImpl)
2020-06-15 11:53:16,318 - Default ResourceManager initialization complete.
2020-06-15 11:53:16,319 - Loaded System Directive: org.apache.velocity.runtime.directive.Literal
2020-06-15 11:53:16,320 - Loaded System Directive: org.apache.velocity.runtime.directive.Macro
2020-06-15 11:53:16,321 - Loaded System Directive: org.apache.velocity.runtime.directive.Parse
2020-06-15 11:53:16,322 - Loaded System Directive: org.apache.velocity.runtime.directive.Include
2020-06-15 11:53:16,322 - Loaded System Directive: org.apache.velocity.runtime.directive.Foreach
2020-06-15 11:53:16,341 - Created: 20 parsers.
2020-06-15 11:53:16,344 - Velocimacro : initialization starting.
2020-06-15 11:53:16,344 - Velocimacro : adding VMs from VM library template : VM_global_library.vm
2020-06-15 11:53:16,345 - ResourceManager : unable to find resource 'VM_global_library.vm' in any resource loader.
2020-06-15 11:53:16,346 - Velocimacro : error using  VM library template VM_global_library.vm : org.apache.velocity.exception.ResourceNotFoundException: Unable to find resource 'VM_global_library.vm'
2020-06-15 11:53:16,346 - Velocimacro :  VM library template macro registration complete.
2020-06-15 11:53:16,346 - Velocimacro : allowInline = true : VMs can be defined inline in templates
2020-06-15 11:53:16,346 - Velocimacro : allowInlineToOverride = false : VMs defined inline may NOT replace previous VM definitions
2020-06-15 11:53:16,346 - Velocimacro : allowInlineLocal = false : VMs defined inline will be  global in scope if allowed.
2020-06-15 11:53:16,346 - Velocimacro : messages on  : VM system will output logging messages
2020-06-15 11:53:16,346 - Velocimacro : autoload off  : VM system will not automatically reload global library macros
2020-06-15 11:53:16,346 - Velocimacro : initialization complete.
2020-06-15 11:53:16,346 - Velocity successfully started.
2020-06-15 14:26:35,629 - SimpleLog4JLogSystem initialized using logfile 'velocity.log'
2020-06-15 14:26:35,630 - ************************************************************** 
2020-06-15 14:26:35,630 - Starting Jakarta Velocity v1.4
2020-06-15 14:26:35,630 - RuntimeInstance initializing.
2020-06-15 14:26:35,630 - Default Properties File: org/apache/velocity/runtime/defaults/velocity.properties
2020-06-15 14:26:35,630 - Trying to use logger class org.apache.velocity.runtime.log.SimpleLog4JLogSystem
2020-06-15 14:26:35,630 - Using logger class org.apache.velocity.runtime.log.SimpleLog4JLogSystem
2020-06-15 14:26:35,632 - Default ResourceManager initializing. (class org.apache.velocity.runtime.resource.ResourceManagerImpl)
2020-06-15 14:26:35,633 - Resource Loader Instantiated: org.apache.velocity.runtime.resource.loader.ClasspathResourceLoader
2020-06-15 14:26:35,633 - ClasspathResourceLoader : initialization starting.
2020-06-15 14:26:35,633 - ClasspathResourceLoader : initialization complete.
2020-06-15 14:26:35,634 - ResourceCache : initialized. (class org.apache.velocity.runtime.resource.ResourceCacheImpl)
2020-06-15 14:26:35,634 - Default ResourceManager initialization complete.
2020-06-15 14:26:35,635 - Loaded System Directive: org.apache.velocity.runtime.directive.Literal
2020-06-15 14:26:35,636 - Loaded System Directive: org.apache.velocity.runtime.directive.Macro
2020-06-15 14:26:35,637 - Loaded System Directive: org.apache.velocity.runtime.directive.Parse
2020-06-15 14:26:35,638 - Loaded System Directive: org.apache.velocity.runtime.directive.Include
2020-06-15 14:26:35,639 - Loaded System Directive: org.apache.velocity.runtime.directive.Foreach
2020-06-15 14:26:35,659 - Created: 20 parsers.
2020-06-15 14:26:35,662 - Velocimacro : initialization starting.
2020-06-15 14:26:35,662 - Velocimacro : adding VMs from VM library template : VM_global_library.vm
2020-06-15 14:26:35,663 - ResourceManager : unable to find resource 'VM_global_library.vm' in any resource loader.
2020-06-15 14:26:35,664 - Velocimacro : error using  VM library template VM_global_library.vm : org.apache.velocity.exception.ResourceNotFoundException: Unable to find resource 'VM_global_library.vm'
2020-06-15 14:26:35,664 - Velocimacro :  VM library template macro registration complete.
2020-06-15 14:26:35,664 - Velocimacro : allowInline = true : VMs can be defined inline in templates
2020-06-15 14:26:35,664 - Velocimacro : allowInlineToOverride = false : VMs defined inline may NOT replace previous VM definitions
2020-06-15 14:26:35,664 - Velocimacro : allowInlineLocal = false : VMs defined inline will be  global in scope if allowed.
2020-06-15 14:26:35,664 - Velocimacro : messages on  : VM system will output logging messages
2020-06-15 14:26:35,664 - Velocimacro : autoload off  : VM system will not automatically reload global library macros
2020-06-15 14:26:35,664 - Velocimacro : initialization complete.
2020-06-15 14:26:35,664 - Velocity successfully started.
2020-06-15 14:27:45,578 - SimpleLog4JLogSystem initialized using logfile 'velocity.log'
2020-06-15 14:27:45,579 - ************************************************************** 
2020-06-15 14:27:45,579 - Starting Jakarta Velocity v1.4
2020-06-15 14:27:45,579 - RuntimeInstance initializing.
2020-06-15 14:27:45,579 - Default Properties File: org/apache/velocity/runtime/defaults/velocity.properties
2020-06-15 14:27:45,579 - Trying to use logger class org.apache.velocity.runtime.log.SimpleLog4JLogSystem
2020-06-15 14:27:45,579 - Using logger class org.apache.velocity.runtime.log.SimpleLog4JLogSystem
2020-06-15 14:27:45,580 - Default ResourceManager initializing. (class org.apache.velocity.runtime.resource.ResourceManagerImpl)
2020-06-15 14:27:45,582 - Resource Loader Instantiated: org.apache.velocity.runtime.resource.loader.ClasspathResourceLoader
2020-06-15 14:27:45,582 - ClasspathResourceLoader : initialization starting.
2020-06-15 14:27:45,582 - ClasspathResourceLoader : initialization complete.
2020-06-15 14:27:45,583 - ResourceCache : initialized. (class org.apache.velocity.runtime.resource.ResourceCacheImpl)
2020-06-15 14:27:45,583 - Default ResourceManager initialization complete.
2020-06-15 14:27:45,584 - Loaded System Directive: org.apache.velocity.runtime.directive.Literal
2020-06-15 14:27:45,584 - Loaded System Directive: org.apache.velocity.runtime.directive.Macro
2020-06-15 14:27:45,585 - Loaded System Directive: org.apache.velocity.runtime.directive.Parse
2020-06-15 14:27:45,586 - Loaded System Directive: org.apache.velocity.runtime.directive.Include
2020-06-15 14:27:45,587 - Loaded System Directive: org.apache.velocity.runtime.directive.Foreach
2020-06-15 14:27:45,608 - Created: 20 parsers.
2020-06-15 14:27:45,611 - Velocimacro : initialization starting.
2020-06-15 14:27:45,611 - Velocimacro : adding VMs from VM library template : VM_global_library.vm
2020-06-15 14:27:45,612 - ResourceManager : unable to find resource 'VM_global_library.vm' in any resource loader.
2020-06-15 14:27:45,613 - Velocimacro : error using  VM library template VM_global_library.vm : org.apache.velocity.exception.ResourceNotFoundException: Unable to find resource 'VM_global_library.vm'
2020-06-15 14:27:45,613 - Velocimacro :  VM library template macro registration complete.
2020-06-15 14:27:45,613 - Velocimacro : allowInline = true : VMs can be defined inline in templates
2020-06-15 14:27:45,613 - Velocimacro : allowInlineToOverride = false : VMs defined inline may NOT replace previous VM definitions
2020-06-15 14:27:45,613 - Velocimacro : allowInlineLocal = false : VMs defined inline will be  global in scope if allowed.
2020-06-15 14:27:45,613 - Velocimacro : messages on  : VM system will output logging messages
2020-06-15 14:27:45,613 - Velocimacro : autoload off  : VM system will not automatically reload global library macros
2020-06-15 14:27:45,613 - Velocimacro : initialization complete.
2020-06-15 14:27:45,613 - Velocity successfully started.
2022-03-18 23:07:14,068 - SimpleLog4JLogSystem initialized using logfile 'velocity.log'
2022-03-18 23:07:14,068 - ************************************************************** 
2022-03-18 23:07:14,068 - Starting Jakarta Velocity v1.4
2022-03-18 23:07:14,068 - RuntimeInstance initializing.
2022-03-18 23:07:14,068 - Default Properties File: org/apache/velocity/runtime/defaults/velocity.properties
2022-03-18 23:07:14,068 - Trying to use logger class org.apache.velocity.runtime.log.SimpleLog4JLogSystem
2022-03-18 23:07:14,069 - Using logger class org.apache.velocity.runtime.log.SimpleLog4JLogSystem
2022-03-18 23:07:14,070 - Default ResourceManager initializing. (class org.apache.velocity.runtime.resource.ResourceManagerImpl)
2022-03-18 23:07:14,071 - Resource Loader Instantiated: org.apache.velocity.runtime.resource.loader.ClasspathResourceLoader
2022-03-18 23:07:14,071 - ClasspathResourceLoader : initialization starting.
2022-03-18 23:07:14,071 - ClasspathResourceLoader : initialization complete.
2022-03-18 23:07:14,072 - ResourceCache : initialized. (class org.apache.velocity.runtime.resource.ResourceCacheImpl)
2022-03-18 23:07:14,072 - Default ResourceManager initialization complete.
2022-03-18 23:07:14,073 - Loaded System Directive: org.apache.velocity.runtime.directive.Literal
2022-03-18 23:07:14,074 - Loaded System Directive: org.apache.velocity.runtime.directive.Macro
2022-03-18 23:07:14,075 - Loaded System Directive: org.apache.velocity.runtime.directive.Parse
2022-03-18 23:07:14,076 - Loaded System Directive: org.apache.velocity.runtime.directive.Include
2022-03-18 23:07:14,077 - Loaded System Directive: org.apache.velocity.runtime.directive.Foreach
2022-03-18 23:07:14,097 - Created: 20 parsers.
2022-03-18 23:07:14,099 - Velocimacro : initialization starting.
2022-03-18 23:07:14,099 - Velocimacro : adding VMs from VM library template : VM_global_library.vm
2022-03-18 23:07:14,101 - ResourceManager : unable to find resource 'VM_global_library.vm' in any resource loader.
2022-03-18 23:07:14,101 - Velocimacro : error using  VM library template VM_global_library.vm : org.apache.velocity.exception.ResourceNotFoundException: Unable to find resource 'VM_global_library.vm'
2022-03-18 23:07:14,101 - Velocimacro :  VM library template macro registration complete.
2022-03-18 23:07:14,101 - Velocimacro : allowInline = true : VMs can be defined inline in templates
2022-03-18 23:07:14,101 - Velocimacro : allowInlineToOverride = false : VMs defined inline may NOT replace previous VM definitions
2022-03-18 23:07:14,101 - Velocimacro : allowInlineLocal = false : VMs defined inline will be  global in scope if allowed.
2022-03-18 23:07:14,101 - Velocimacro : messages on  : VM system will output logging messages
2022-03-18 23:07:14,101 - Velocimacro : autoload off  : VM system will not automatically reload global library macros
2022-03-18 23:07:14,101 - Velocimacro : initialization complete.
2022-03-18 23:07:14,101 - Velocity successfully started.
2022-03-22 17:05:53,346 - SimpleLog4JLogSystem initialized using logfile 'velocity.log'
2022-03-22 17:05:53,346 - ************************************************************** 
2022-03-22 17:05:53,346 - Starting Jakarta Velocity v1.4
2022-03-22 17:05:53,346 - RuntimeInstance initializing.
2022-03-22 17:05:53,346 - Default Properties File: org/apache/velocity/runtime/defaults/velocity.properties
2022-03-22 17:05:53,346 - Trying to use logger class org.apache.velocity.runtime.log.SimpleLog4JLogSystem
2022-03-22 17:05:53,346 - Using logger class org.apache.velocity.runtime.log.SimpleLog4JLogSystem
2022-03-22 17:05:53,348 - Default ResourceManager initializing. (class org.apache.velocity.runtime.resource.ResourceManagerImpl)
2022-03-22 17:05:53,349 - Resource Loader Instantiated: org.apache.velocity.runtime.resource.loader.ClasspathResourceLoader
2022-03-22 17:05:53,349 - ClasspathResourceLoader : initialization starting.
2022-03-22 17:05:53,349 - ClasspathResourceLoader : initialization complete.
2022-03-22 17:05:53,349 - ResourceCache : initialized. (class org.apache.velocity.runtime.resource.ResourceCacheImpl)
2022-03-22 17:05:53,349 - Default ResourceManager initialization complete.
2022-03-22 17:05:53,350 - Loaded System Directive: org.apache.velocity.runtime.directive.Literal
2022-03-22 17:05:53,350 - Loaded System Directive: org.apache.velocity.runtime.directive.Macro
2022-03-22 17:05:53,351 - Loaded System Directive: org.apache.velocity.runtime.directive.Parse
2022-03-22 17:05:53,352 - Loaded System Directive: org.apache.velocity.runtime.directive.Include
2022-03-22 17:05:53,352 - Loaded System Directive: org.apache.velocity.runtime.directive.Foreach
2022-03-22 17:05:53,363 - Created: 20 parsers.
2022-03-22 17:05:53,365 - Velocimacro : initialization starting.
2022-03-22 17:05:53,365 - Velocimacro : adding VMs from VM library template : VM_global_library.vm
2022-03-22 17:05:53,366 - ResourceManager : unable to find resource 'VM_global_library.vm' in any resource loader.
2022-03-22 17:05:53,366 - Velocimacro : error using  VM library template VM_global_library.vm : org.apache.velocity.exception.ResourceNotFoundException: Unable to find resource 'VM_global_library.vm'
2022-03-22 17:05:53,366 - Velocimacro :  VM library template macro registration complete.
2022-03-22 17:05:53,366 - Velocimacro : allowInline = true : VMs can be defined inline in templates
2022-03-22 17:05:53,366 - Velocimacro : allowInlineToOverride = false : VMs defined inline may NOT replace previous VM definitions
2022-03-22 17:05:53,366 - Velocimacro : allowInlineLocal = false : VMs defined inline will be  global in scope if allowed.
2022-03-22 17:05:53,366 - Velocimacro : messages on  : VM system will output logging messages
2022-03-22 17:05:53,366 - Velocimacro : autoload off  : VM system will not automatically reload global library macros
2022-03-22 17:05:53,366 - Velocimacro : initialization complete.
2022-03-22 17:05:53,366 - Velocity successfully started.
2022-03-22 17:07:56,116 - SimpleLog4JLogSystem initialized using logfile 'velocity.log'
2022-03-22 17:07:56,116 - ************************************************************** 
2022-03-22 17:07:56,116 - Starting Jakarta Velocity v1.4
2022-03-22 17:07:56,116 - RuntimeInstance initializing.
2022-03-22 17:07:56,116 - Default Properties File: org/apache/velocity/runtime/defaults/velocity.properties
2022-03-22 17:07:56,116 - Trying to use logger class org.apache.velocity.runtime.log.SimpleLog4JLogSystem
2022-03-22 17:07:56,116 - Using logger class org.apache.velocity.runtime.log.SimpleLog4JLogSystem
2022-03-22 17:07:56,117 - Default ResourceManager initializing. (class org.apache.velocity.runtime.resource.ResourceManagerImpl)
2022-03-22 17:07:56,118 - Resource Loader Instantiated: org.apache.velocity.runtime.resource.loader.ClasspathResourceLoader
2022-03-22 17:07:56,118 - ClasspathResourceLoader : initialization starting.
2022-03-22 17:07:56,118 - ClasspathResourceLoader : initialization complete.
2022-03-22 17:07:56,118 - ResourceCache : initialized. (class org.apache.velocity.runtime.resource.ResourceCacheImpl)
2022-03-22 17:07:56,118 - Default ResourceManager initialization complete.
2022-03-22 17:07:56,119 - Loaded System Directive: org.apache.velocity.runtime.directive.Literal
2022-03-22 17:07:56,119 - Loaded System Directive: org.apache.velocity.runtime.directive.Macro
2022-03-22 17:07:56,120 - Loaded System Directive: org.apache.velocity.runtime.directive.Parse
2022-03-22 17:07:56,120 - Loaded System Directive: org.apache.velocity.runtime.directive.Include
2022-03-22 17:07:56,121 - Loaded System Directive: org.apache.velocity.runtime.directive.Foreach
2022-03-22 17:07:56,132 - Created: 20 parsers.
2022-03-22 17:07:56,134 - Velocimacro : initialization starting.
2022-03-22 17:07:56,134 - Velocimacro : adding VMs from VM library template : VM_global_library.vm
2022-03-22 17:07:56,135 - ResourceManager : unable to find resource 'VM_global_library.vm' in any resource loader.
2022-03-22 17:07:56,135 - Velocimacro : error using  VM library template VM_global_library.vm : org.apache.velocity.exception.ResourceNotFoundException: Unable to find resource 'VM_global_library.vm'
2022-03-22 17:07:56,135 - Velocimacro :  VM library template macro registration complete.
2022-03-22 17:07:56,135 - Velocimacro : allowInline = true : VMs can be defined inline in templates
2022-03-22 17:07:56,135 - Velocimacro : allowInlineToOverride = false : VMs defined inline may NOT replace previous VM definitions
2022-03-22 17:07:56,135 - Velocimacro : allowInlineLocal = false : VMs defined inline will be  global in scope if allowed.
2022-03-22 17:07:56,135 - Velocimacro : messages on  : VM system will output logging messages
2022-03-22 17:07:56,135 - Velocimacro : autoload off  : VM system will not automatically reload global library macros
2022-03-22 17:07:56,135 - Velocimacro : initialization complete.
2022-03-22 17:07:56,135 - Velocity successfully started.
2022-03-22 17:15:32,917 - SimpleLog4JLogSystem initialized using logfile 'velocity.log'
2022-03-22 17:15:32,917 - ************************************************************** 
2022-03-22 17:15:32,917 - Starting Jakarta Velocity v1.4
2022-03-22 17:15:32,917 - RuntimeInstance initializing.
2022-03-22 17:15:32,917 - Default Properties File: org/apache/velocity/runtime/defaults/velocity.properties
2022-03-22 17:15:32,917 - Trying to use logger class org.apache.velocity.runtime.log.SimpleLog4JLogSystem
2022-03-22 17:15:32,917 - Using logger class org.apache.velocity.runtime.log.SimpleLog4JLogSystem
2022-03-22 17:15:32,919 - Default ResourceManager initializing. (class org.apache.velocity.runtime.resource.ResourceManagerImpl)
2022-03-22 17:15:32,920 - Resource Loader Instantiated: org.apache.velocity.runtime.resource.loader.ClasspathResourceLoader
2022-03-22 17:15:32,920 - ClasspathResourceLoader : initialization starting.
2022-03-22 17:15:32,920 - ClasspathResourceLoader : initialization complete.
2022-03-22 17:15:32,921 - ResourceCache : initialized. (class org.apache.velocity.runtime.resource.ResourceCacheImpl)
2022-03-22 17:15:32,921 - Default ResourceManager initialization complete.
2022-03-22 17:15:32,921 - Loaded System Directive: org.apache.velocity.runtime.directive.Literal
2022-03-22 17:15:32,922 - Loaded System Directive: org.apache.velocity.runtime.directive.Macro
2022-03-22 17:15:32,922 - Loaded System Directive: org.apache.velocity.runtime.directive.Parse
2022-03-22 17:15:32,923 - Loaded System Directive: org.apache.velocity.runtime.directive.Include
2022-03-22 17:15:32,923 - Loaded System Directive: org.apache.velocity.runtime.directive.Foreach
2022-03-22 17:15:32,935 - Created: 20 parsers.
2022-03-22 17:15:32,937 - Velocimacro : initialization starting.
2022-03-22 17:15:32,937 - Velocimacro : adding VMs from VM library template : VM_global_library.vm
2022-03-22 17:15:32,938 - ResourceManager : unable to find resource 'VM_global_library.vm' in any resource loader.
2022-03-22 17:15:32,938 - Velocimacro : error using  VM library template VM_global_library.vm : org.apache.velocity.exception.ResourceNotFoundException: Unable to find resource 'VM_global_library.vm'
2022-03-22 17:15:32,938 - Velocimacro :  VM library template macro registration complete.
2022-03-22 17:15:32,938 - Velocimacro : allowInline = true : VMs can be defined inline in templates
2022-03-22 17:15:32,938 - Velocimacro : allowInlineToOverride = false : VMs defined inline may NOT replace previous VM definitions
2022-03-22 17:15:32,938 - Velocimacro : allowInlineLocal = false : VMs defined inline will be  global in scope if allowed.
2022-03-22 17:15:32,938 - Velocimacro : messages on  : VM system will output logging messages
2022-03-22 17:15:32,938 - Velocimacro : autoload off  : VM system will not automatically reload global library macros
2022-03-22 17:15:32,938 - Velocimacro : initialization complete.
2022-03-22 17:15:32,938 - Velocity successfully started.
2022-03-22 17:23:42,315 - SimpleLog4JLogSystem initialized using logfile 'velocity.log'
2022-03-22 17:23:42,315 - ************************************************************** 
2022-03-22 17:23:42,315 - Starting Jakarta Velocity v1.4
2022-03-22 17:23:42,315 - RuntimeInstance initializing.
2022-03-22 17:23:42,315 - Default Properties File: org/apache/velocity/runtime/defaults/velocity.properties
2022-03-22 17:23:42,315 - Trying to use logger class org.apache.velocity.runtime.log.SimpleLog4JLogSystem
2022-03-22 17:23:42,315 - Using logger class org.apache.velocity.runtime.log.SimpleLog4JLogSystem
2022-03-22 17:23:42,317 - Default ResourceManager initializing. (class org.apache.velocity.runtime.resource.ResourceManagerImpl)
2022-03-22 17:23:42,317 - Resource Loader Instantiated: org.apache.velocity.runtime.resource.loader.ClasspathResourceLoader
2022-03-22 17:23:42,317 - ClasspathResourceLoader : initialization starting.
2022-03-22 17:23:42,317 - ClasspathResourceLoader : initialization complete.
2022-03-22 17:23:42,318 - ResourceCache : initialized. (class org.apache.velocity.runtime.resource.ResourceCacheImpl)
2022-03-22 17:23:42,318 - Default ResourceManager initialization complete.
2022-03-22 17:23:42,319 - Loaded System Directive: org.apache.velocity.runtime.directive.Literal
2022-03-22 17:23:42,319 - Loaded System Directive: org.apache.velocity.runtime.directive.Macro
2022-03-22 17:23:42,320 - Loaded System Directive: org.apache.velocity.runtime.directive.Parse
2022-03-22 17:23:42,320 - Loaded System Directive: org.apache.velocity.runtime.directive.Include
2022-03-22 17:23:42,321 - Loaded System Directive: org.apache.velocity.runtime.directive.Foreach
2022-03-22 17:23:42,334 - Created: 20 parsers.
2022-03-22 17:23:42,337 - Velocimacro : initialization starting.
2022-03-22 17:23:42,337 - Velocimacro : adding VMs from VM library template : VM_global_library.vm
2022-03-22 17:23:42,338 - ResourceManager : unable to find resource 'VM_global_library.vm' in any resource loader.
2022-03-22 17:23:42,338 - Velocimacro : error using  VM library template VM_global_library.vm : org.apache.velocity.exception.ResourceNotFoundException: Unable to find resource 'VM_global_library.vm'
2022-03-22 17:23:42,338 - Velocimacro :  VM library template macro registration complete.
2022-03-22 17:23:42,338 - Velocimacro : allowInline = true : VMs can be defined inline in templates
2022-03-22 17:23:42,338 - Velocimacro : allowInlineToOverride = false : VMs defined inline may NOT replace previous VM definitions
2022-03-22 17:23:42,338 - Velocimacro : allowInlineLocal = false : VMs defined inline will be  global in scope if allowed.
2022-03-22 17:23:42,338 - Velocimacro : messages on  : VM system will output logging messages
2022-03-22 17:23:42,338 - Velocimacro : autoload off  : VM system will not automatically reload global library macros
2022-03-22 17:23:42,338 - Velocimacro : initialization complete.
2022-03-22 17:23:42,338 - Velocity successfully started.
2022-03-22 17:26:36,234 - SimpleLog4JLogSystem initialized using logfile 'velocity.log'
2022-03-22 17:26:36,234 - ************************************************************** 
2022-03-22 17:26:36,234 - Starting Jakarta Velocity v1.4
2022-03-22 17:26:36,234 - RuntimeInstance initializing.
2022-03-22 17:26:36,234 - Default Properties File: org/apache/velocity/runtime/defaults/velocity.properties
2022-03-22 17:26:36,234 - Trying to use logger class org.apache.velocity.runtime.log.SimpleLog4JLogSystem
2022-03-22 17:26:36,235 - Using logger class org.apache.velocity.runtime.log.SimpleLog4JLogSystem
2022-03-22 17:26:36,236 - Default ResourceManager initializing. (class org.apache.velocity.runtime.resource.ResourceManagerImpl)
2022-03-22 17:26:36,236 - Resource Loader Instantiated: org.apache.velocity.runtime.resource.loader.ClasspathResourceLoader
2022-03-22 17:26:36,237 - ClasspathResourceLoader : initialization starting.
2022-03-22 17:26:36,237 - ClasspathResourceLoader : initialization complete.
2022-03-22 17:26:36,237 - ResourceCache : initialized. (class org.apache.velocity.runtime.resource.ResourceCacheImpl)
2022-03-22 17:26:36,237 - Default ResourceManager initialization complete.
2022-03-22 17:26:36,238 - Loaded System Directive: org.apache.velocity.runtime.directive.Literal
2022-03-22 17:26:36,238 - Loaded System Directive: org.apache.velocity.runtime.directive.Macro
2022-03-22 17:26:36,239 - Loaded System Directive: org.apache.velocity.runtime.directive.Parse
2022-03-22 17:26:36,240 - Loaded System Directive: org.apache.velocity.runtime.directive.Include
2022-03-22 17:26:36,240 - Loaded System Directive: org.apache.velocity.runtime.directive.Foreach
2022-03-22 17:26:36,251 - Created: 20 parsers.
2022-03-22 17:26:36,253 - Velocimacro : initialization starting.
2022-03-22 17:26:36,253 - Velocimacro : adding VMs from VM library template : VM_global_library.vm
2022-03-22 17:26:36,254 - ResourceManager : unable to find resource 'VM_global_library.vm' in any resource loader.
2022-03-22 17:26:36,254 - Velocimacro : error using  VM library template VM_global_library.vm : org.apache.velocity.exception.ResourceNotFoundException: Unable to find resource 'VM_global_library.vm'
2022-03-22 17:26:36,254 - Velocimacro :  VM library template macro registration complete.
2022-03-22 17:26:36,254 - Velocimacro : allowInline = true : VMs can be defined inline in templates
2022-03-22 17:26:36,254 - Velocimacro : allowInlineToOverride = false : VMs defined inline may NOT replace previous VM definitions
2022-03-22 17:26:36,254 - Velocimacro : allowInlineLocal = false : VMs defined inline will be  global in scope if allowed.
2022-03-22 17:26:36,254 - Velocimacro : messages on  : VM system will output logging messages
2022-03-22 17:26:36,254 - Velocimacro : autoload off  : VM system will not automatically reload global library macros
2022-03-22 17:26:36,254 - Velocimacro : initialization complete.
2022-03-22 17:26:36,254 - Velocity successfully started.
2022-03-22 17:29:39,695 - SimpleLog4JLogSystem initialized using logfile 'velocity.log'
2022-03-22 17:29:39,695 - ************************************************************** 
2022-03-22 17:29:39,695 - Starting Jakarta Velocity v1.4
2022-03-22 17:29:39,695 - RuntimeInstance initializing.
2022-03-22 17:29:39,695 - Default Properties File: org/apache/velocity/runtime/defaults/velocity.properties
2022-03-22 17:29:39,695 - Trying to use logger class org.apache.velocity.runtime.log.SimpleLog4JLogSystem
2022-03-22 17:29:39,695 - Using logger class org.apache.velocity.runtime.log.SimpleLog4JLogSystem
2022-03-22 17:29:39,696 - Default ResourceManager initializing. (class org.apache.velocity.runtime.resource.ResourceManagerImpl)
2022-03-22 17:29:39,697 - Resource Loader Instantiated: org.apache.velocity.runtime.resource.loader.ClasspathResourceLoader
2022-03-22 17:29:39,697 - ClasspathResourceLoader : initialization starting.
2022-03-22 17:29:39,697 - ClasspathResourceLoader : initialization complete.
2022-03-22 17:29:39,698 - ResourceCache : initialized. (class org.apache.velocity.runtime.resource.ResourceCacheImpl)
2022-03-22 17:29:39,698 - Default ResourceManager initialization complete.
2022-03-22 17:29:39,698 - Loaded System Directive: org.apache.velocity.runtime.directive.Literal
2022-03-22 17:29:39,699 - Loaded System Directive: org.apache.velocity.runtime.directive.Macro
2022-03-22 17:29:39,699 - Loaded System Directive: org.apache.velocity.runtime.directive.Parse
2022-03-22 17:29:39,700 - Loaded System Directive: org.apache.velocity.runtime.directive.Include
2022-03-22 17:29:39,700 - Loaded System Directive: org.apache.velocity.runtime.directive.Foreach
2022-03-22 17:29:39,712 - Created: 20 parsers.
2022-03-22 17:29:39,714 - Velocimacro : initialization starting.
2022-03-22 17:29:39,714 - Velocimacro : adding VMs from VM library template : VM_global_library.vm
2022-03-22 17:29:39,715 - ResourceManager : unable to find resource 'VM_global_library.vm' in any resource loader.
2022-03-22 17:29:39,715 - Velocimacro : error using  VM library template VM_global_library.vm : org.apache.velocity.exception.ResourceNotFoundException: Unable to find resource 'VM_global_library.vm'
2022-03-22 17:29:39,715 - Velocimacro :  VM library template macro registration complete.
2022-03-22 17:29:39,715 - Velocimacro : allowInline = true : VMs can be defined inline in templates
2022-03-22 17:29:39,716 - Velocimacro : allowInlineToOverride = false : VMs defined inline may NOT replace previous VM definitions
2022-03-22 17:29:39,716 - Velocimacro : allowInlineLocal = false : VMs defined inline will be  global in scope if allowed.
2022-03-22 17:29:39,716 - Velocimacro : messages on  : VM system will output logging messages
2022-03-22 17:29:39,716 - Velocimacro : autoload off  : VM system will not automatically reload global library macros
2022-03-22 17:29:39,716 - Velocimacro : initialization complete.
2022-03-22 17:29:39,716 - Velocity successfully started.
2022-03-22 17:31:15,146 - SimpleLog4JLogSystem initialized using logfile 'velocity.log'
2022-03-22 17:31:15,148 - ************************************************************** 
2022-03-22 17:31:15,148 - Starting Jakarta Velocity v1.4
2022-03-22 17:31:15,148 - RuntimeInstance initializing.
2022-03-22 17:31:15,148 - Default Properties File: org/apache/velocity/runtime/defaults/velocity.properties
2022-03-22 17:31:15,148 - Trying to use logger class org.apache.velocity.runtime.log.SimpleLog4JLogSystem
2022-03-22 17:31:15,148 - Using logger class org.apache.velocity.runtime.log.SimpleLog4JLogSystem
2022-03-22 17:31:15,149 - Default ResourceManager initializing. (class org.apache.velocity.runtime.resource.ResourceManagerImpl)
2022-03-22 17:31:15,150 - Resource Loader Instantiated: org.apache.velocity.runtime.resource.loader.ClasspathResourceLoader
2022-03-22 17:31:15,150 - ClasspathResourceLoader : initialization starting.
2022-03-22 17:31:15,150 - ClasspathResourceLoader : initialization complete.
2022-03-22 17:31:15,150 - ResourceCache : initialized. (class org.apache.velocity.runtime.resource.ResourceCacheImpl)
2022-03-22 17:31:15,150 - Default ResourceManager initialization complete.
2022-03-22 17:31:15,151 - Loaded System Directive: org.apache.velocity.runtime.directive.Literal
2022-03-22 17:31:15,151 - Loaded System Directive: org.apache.velocity.runtime.directive.Macro
2022-03-22 17:31:15,152 - Loaded System Directive: org.apache.velocity.runtime.directive.Parse
2022-03-22 17:31:15,153 - Loaded System Directive: org.apache.velocity.runtime.directive.Include
2022-03-22 17:31:15,153 - Loaded System Directive: org.apache.velocity.runtime.directive.Foreach
2022-03-22 17:31:15,165 - Created: 20 parsers.
2022-03-22 17:31:15,168 - Velocimacro : initialization starting.
2022-03-22 17:31:15,168 - Velocimacro : adding VMs from VM library template : VM_global_library.vm
2022-03-22 17:31:15,169 - ResourceManager : unable to find resource 'VM_global_library.vm' in any resource loader.
2022-03-22 17:31:15,169 - Velocimacro : error using  VM library template VM_global_library.vm : org.apache.velocity.exception.ResourceNotFoundException: Unable to find resource 'VM_global_library.vm'
2022-03-22 17:31:15,169 - Velocimacro :  VM library template macro registration complete.
2022-03-22 17:31:15,169 - Velocimacro : allowInline = true : VMs can be defined inline in templates
2022-03-22 17:31:15,170 - Velocimacro : allowInlineToOverride = false : VMs defined inline may NOT replace previous VM definitions
2022-03-22 17:31:15,170 - Velocimacro : allowInlineLocal = false : VMs defined inline will be  global in scope if allowed.
2022-03-22 17:31:15,170 - Velocimacro : messages on  : VM system will output logging messages
2022-03-22 17:31:15,170 - Velocimacro : autoload off  : VM system will not automatically reload global library macros
2022-03-22 17:31:15,170 - Velocimacro : initialization complete.
2022-03-22 17:31:15,170 - Velocity successfully started.
2022-03-22 17:43:14,182 - SimpleLog4JLogSystem initialized using logfile 'velocity.log'
2022-03-22 17:43:14,182 - ************************************************************** 
2022-03-22 17:43:14,182 - Starting Jakarta Velocity v1.4
2022-03-22 17:43:14,182 - RuntimeInstance initializing.
2022-03-22 17:43:14,182 - Default Properties File: org/apache/velocity/runtime/defaults/velocity.properties
2022-03-22 17:43:14,182 - Trying to use logger class org.apache.velocity.runtime.log.SimpleLog4JLogSystem
2022-03-22 17:43:14,182 - Using logger class org.apache.velocity.runtime.log.SimpleLog4JLogSystem
2022-03-22 17:43:14,184 - Default ResourceManager initializing. (class org.apache.velocity.runtime.resource.ResourceManagerImpl)
2022-03-22 17:43:14,185 - Resource Loader Instantiated: org.apache.velocity.runtime.resource.loader.ClasspathResourceLoader
2022-03-22 17:43:14,185 - ClasspathResourceLoader : initialization starting.
2022-03-22 17:43:14,185 - ClasspathResourceLoader : initialization complete.
2022-03-22 17:43:14,185 - ResourceCache : initialized. (class org.apache.velocity.runtime.resource.ResourceCacheImpl)
2022-03-22 17:43:14,185 - Default ResourceManager initialization complete.
2022-03-22 17:43:14,186 - Loaded System Directive: org.apache.velocity.runtime.directive.Literal
2022-03-22 17:43:14,186 - Loaded System Directive: org.apache.velocity.runtime.directive.Macro
2022-03-22 17:43:14,187 - Loaded System Directive: org.apache.velocity.runtime.directive.Parse
2022-03-22 17:43:14,188 - Loaded System Directive: org.apache.velocity.runtime.directive.Include
2022-03-22 17:43:14,188 - Loaded System Directive: org.apache.velocity.runtime.directive.Foreach
2022-03-22 17:43:14,199 - Created: 20 parsers.
2022-03-22 17:43:14,201 - Velocimacro : initialization starting.
2022-03-22 17:43:14,201 - Velocimacro : adding VMs from VM library template : VM_global_library.vm
2022-03-22 17:43:14,202 - ResourceManager : unable to find resource 'VM_global_library.vm' in any resource loader.
2022-03-22 17:43:14,202 - Velocimacro : error using  VM library template VM_global_library.vm : org.apache.velocity.exception.ResourceNotFoundException: Unable to find resource 'VM_global_library.vm'
2022-03-22 17:43:14,202 - Velocimacro :  VM library template macro registration complete.
2022-03-22 17:43:14,202 - Velocimacro : allowInline = true : VMs can be defined inline in templates
2022-03-22 17:43:14,202 - Velocimacro : allowInlineToOverride = false : VMs defined inline may NOT replace previous VM definitions
2022-03-22 17:43:14,202 - Velocimacro : allowInlineLocal = false : VMs defined inline will be  global in scope if allowed.
2022-03-22 17:43:14,202 - Velocimacro : messages on  : VM system will output logging messages
2022-03-22 17:43:14,203 - Velocimacro : autoload off  : VM system will not automatically reload global library macros
2022-03-22 17:43:14,203 - Velocimacro : initialization complete.
2022-03-22 17:43:14,203 - Velocity successfully started.
2022-03-22 17:54:36,671 - SimpleLog4JLogSystem initialized using logfile 'velocity.log'
2022-03-22 17:54:36,671 - ************************************************************** 
2022-03-22 17:54:36,671 - Starting Jakarta Velocity v1.4
2022-03-22 17:54:36,671 - RuntimeInstance initializing.
2022-03-22 17:54:36,671 - Default Properties File: org/apache/velocity/runtime/defaults/velocity.properties
2022-03-22 17:54:36,671 - Trying to use logger class org.apache.velocity.runtime.log.SimpleLog4JLogSystem
2022-03-22 17:54:36,671 - Using logger class org.apache.velocity.runtime.log.SimpleLog4JLogSystem
2022-03-22 17:54:36,672 - Default ResourceManager initializing. (class org.apache.velocity.runtime.resource.ResourceManagerImpl)
2022-03-22 17:54:36,673 - Resource Loader Instantiated: org.apache.velocity.runtime.resource.loader.ClasspathResourceLoader
2022-03-22 17:54:36,673 - ClasspathResourceLoader : initialization starting.
2022-03-22 17:54:36,673 - ClasspathResourceLoader : initialization complete.
2022-03-22 17:54:36,674 - ResourceCache : initialized. (class org.apache.velocity.runtime.resource.ResourceCacheImpl)
2022-03-22 17:54:36,674 - Default ResourceManager initialization complete.
2022-03-22 17:54:36,675 - Loaded System Directive: org.apache.velocity.runtime.directive.Literal
2022-03-22 17:54:36,675 - Loaded System Directive: org.apache.velocity.runtime.directive.Macro
2022-03-22 17:54:36,676 - Loaded System Directive: org.apache.velocity.runtime.directive.Parse
2022-03-22 17:54:36,677 - Loaded System Directive: org.apache.velocity.runtime.directive.Include
2022-03-22 17:54:36,677 - Loaded System Directive: org.apache.velocity.runtime.directive.Foreach
2022-03-22 17:54:36,689 - Created: 20 parsers.
2022-03-22 17:54:36,691 - Velocimacro : initialization starting.
2022-03-22 17:54:36,691 - Velocimacro : adding VMs from VM library template : VM_global_library.vm
2022-03-22 17:54:36,692 - ResourceManager : unable to find resource 'VM_global_library.vm' in any resource loader.
2022-03-22 17:54:36,692 - Velocimacro : error using  VM library template VM_global_library.vm : org.apache.velocity.exception.ResourceNotFoundException: Unable to find resource 'VM_global_library.vm'
2022-03-22 17:54:36,692 - Velocimacro :  VM library template macro registration complete.
2022-03-22 17:54:36,692 - Velocimacro : allowInline = true : VMs can be defined inline in templates
2022-03-22 17:54:36,692 - Velocimacro : allowInlineToOverride = false : VMs defined inline may NOT replace previous VM definitions
2022-03-22 17:54:36,692 - Velocimacro : allowInlineLocal = false : VMs defined inline will be  global in scope if allowed.
2022-03-22 17:54:36,692 - Velocimacro : messages on  : VM system will output logging messages
2022-03-22 17:54:36,692 - Velocimacro : autoload off  : VM system will not automatically reload global library macros
2022-03-22 17:54:36,692 - Velocimacro : initialization complete.
2022-03-22 17:54:36,692 - Velocity successfully started.
2022-03-22 19:45:31,134 - SimpleLog4JLogSystem initialized using logfile 'velocity.log'
2022-03-22 19:45:31,134 - ************************************************************** 
2022-03-22 19:45:31,134 - Starting Jakarta Velocity v1.4
2022-03-22 19:45:31,134 - RuntimeInstance initializing.
2022-03-22 19:45:31,134 - Default Properties File: org/apache/velocity/runtime/defaults/velocity.properties
2022-03-22 19:45:31,134 - Trying to use logger class org.apache.velocity.runtime.log.SimpleLog4JLogSystem
2022-03-22 19:45:31,134 - Using logger class org.apache.velocity.runtime.log.SimpleLog4JLogSystem
2022-03-22 19:45:31,136 - Default ResourceManager initializing. (class org.apache.velocity.runtime.resource.ResourceManagerImpl)
2022-03-22 19:45:31,137 - Resource Loader Instantiated: org.apache.velocity.runtime.resource.loader.ClasspathResourceLoader
2022-03-22 19:45:31,137 - ClasspathResourceLoader : initialization starting.
2022-03-22 19:45:31,137 - ClasspathResourceLoader : initialization complete.
2022-03-22 19:45:31,138 - ResourceCache : initialized. (class org.apache.velocity.runtime.resource.ResourceCacheImpl)
2022-03-22 19:45:31,138 - Default ResourceManager initialization complete.
2022-03-22 19:45:31,138 - Loaded System Directive: org.apache.velocity.runtime.directive.Literal
2022-03-22 19:45:31,139 - Loaded System Directive: org.apache.velocity.runtime.directive.Macro
2022-03-22 19:45:31,140 - Loaded System Directive: org.apache.velocity.runtime.directive.Parse
2022-03-22 19:45:31,140 - Loaded System Directive: org.apache.velocity.runtime.directive.Include
2022-03-22 19:45:31,140 - Loaded System Directive: org.apache.velocity.runtime.directive.Foreach
2022-03-22 19:45:31,153 - Created: 20 parsers.
2022-03-22 19:45:31,155 - Velocimacro : initialization starting.
2022-03-22 19:45:31,155 - Velocimacro : adding VMs from VM library template : VM_global_library.vm
2022-03-22 19:45:31,156 - ResourceManager : unable to find resource 'VM_global_library.vm' in any resource loader.
2022-03-22 19:45:31,156 - Velocimacro : error using  VM library template VM_global_library.vm : org.apache.velocity.exception.ResourceNotFoundException: Unable to find resource 'VM_global_library.vm'
2022-03-22 19:45:31,156 - Velocimacro :  VM library template macro registration complete.
2022-03-22 19:45:31,156 - Velocimacro : allowInline = true : VMs can be defined inline in templates
2022-03-22 19:45:31,156 - Velocimacro : allowInlineToOverride = false : VMs defined inline may NOT replace previous VM definitions
2022-03-22 19:45:31,156 - Velocimacro : allowInlineLocal = false : VMs defined inline will be  global in scope if allowed.
2022-03-22 19:45:31,156 - Velocimacro : messages on  : VM system will output logging messages
2022-03-22 19:45:31,156 - Velocimacro : autoload off  : VM system will not automatically reload global library macros
2022-03-22 19:45:31,156 - Velocimacro : initialization complete.
2022-03-22 19:45:31,156 - Velocity successfully started.
2022-03-22 19:47:50,493 - SimpleLog4JLogSystem initialized using logfile 'velocity.log'
2022-03-22 19:47:50,493 - ************************************************************** 
2022-03-22 19:47:50,493 - Starting Jakarta Velocity v1.4
2022-03-22 19:47:50,493 - RuntimeInstance initializing.
2022-03-22 19:47:50,493 - Default Properties File: org/apache/velocity/runtime/defaults/velocity.properties
2022-03-22 19:47:50,493 - Trying to use logger class org.apache.velocity.runtime.log.SimpleLog4JLogSystem
2022-03-22 19:47:50,493 - Using logger class org.apache.velocity.runtime.log.SimpleLog4JLogSystem
2022-03-22 19:47:50,495 - Default ResourceManager initializing. (class org.apache.velocity.runtime.resource.ResourceManagerImpl)
2022-03-22 19:47:50,495 - Resource Loader Instantiated: org.apache.velocity.runtime.resource.loader.ClasspathResourceLoader
2022-03-22 19:47:50,496 - ClasspathResourceLoader : initialization starting.
2022-03-22 19:47:50,496 - ClasspathResourceLoader : initialization complete.
2022-03-22 19:47:50,496 - ResourceCache : initialized. (class org.apache.velocity.runtime.resource.ResourceCacheImpl)
2022-03-22 19:47:50,496 - Default ResourceManager initialization complete.
2022-03-22 19:47:50,497 - Loaded System Directive: org.apache.velocity.runtime.directive.Literal
2022-03-22 19:47:50,497 - Loaded System Directive: org.apache.velocity.runtime.directive.Macro
2022-03-22 19:47:50,498 - Loaded System Directive: org.apache.velocity.runtime.directive.Parse
2022-03-22 19:47:50,499 - Loaded System Directive: org.apache.velocity.runtime.directive.Include
2022-03-22 19:47:50,499 - Loaded System Directive: org.apache.velocity.runtime.directive.Foreach
2022-03-22 19:47:50,511 - Created: 20 parsers.
2022-03-22 19:47:50,513 - Velocimacro : initialization starting.
2022-03-22 19:47:50,513 - Velocimacro : adding VMs from VM library template : VM_global_library.vm
2022-03-22 19:47:50,514 - ResourceManager : unable to find resource 'VM_global_library.vm' in any resource loader.
2022-03-22 19:47:50,514 - Velocimacro : error using  VM library template VM_global_library.vm : org.apache.velocity.exception.ResourceNotFoundException: Unable to find resource 'VM_global_library.vm'
2022-03-22 19:47:50,514 - Velocimacro :  VM library template macro registration complete.
2022-03-22 19:47:50,514 - Velocimacro : allowInline = true : VMs can be defined inline in templates
2022-03-22 19:47:50,514 - Velocimacro : allowInlineToOverride = false : VMs defined inline may NOT replace previous VM definitions
2022-03-22 19:47:50,514 - Velocimacro : allowInlineLocal = false : VMs defined inline will be  global in scope if allowed.
2022-03-22 19:47:50,514 - Velocimacro : messages on  : VM system will output logging messages
2022-03-22 19:47:50,514 - Velocimacro : autoload off  : VM system will not automatically reload global library macros
2022-03-22 19:47:50,514 - Velocimacro : initialization complete.
2022-03-22 19:47:50,514 - Velocity successfully started.
2022-03-22 19:52:48,321 - SimpleLog4JLogSystem initialized using logfile 'velocity.log'
2022-03-22 19:52:48,321 - ************************************************************** 
2022-03-22 19:52:48,322 - Starting Jakarta Velocity v1.4
2022-03-22 19:52:48,322 - RuntimeInstance initializing.
2022-03-22 19:52:48,322 - Default Properties File: org/apache/velocity/runtime/defaults/velocity.properties
2022-03-22 19:52:48,322 - Trying to use logger class org.apache.velocity.runtime.log.SimpleLog4JLogSystem
2022-03-22 19:52:48,322 - Using logger class org.apache.velocity.runtime.log.SimpleLog4JLogSystem
2022-03-22 19:52:48,323 - Default ResourceManager initializing. (class org.apache.velocity.runtime.resource.ResourceManagerImpl)
2022-03-22 19:52:48,324 - Resource Loader Instantiated: org.apache.velocity.runtime.resource.loader.ClasspathResourceLoader
2022-03-22 19:52:48,324 - ClasspathResourceLoader : initialization starting.
2022-03-22 19:52:48,324 - ClasspathResourceLoader : initialization complete.
2022-03-22 19:52:48,324 - ResourceCache : initialized. (class org.apache.velocity.runtime.resource.ResourceCacheImpl)
2022-03-22 19:52:48,324 - Default ResourceManager initialization complete.
2022-03-22 19:52:48,325 - Loaded System Directive: org.apache.velocity.runtime.directive.Literal
2022-03-22 19:52:48,325 - Loaded System Directive: org.apache.velocity.runtime.directive.Macro
2022-03-22 19:52:48,326 - Loaded System Directive: org.apache.velocity.runtime.directive.Parse
2022-03-22 19:52:48,327 - Loaded System Directive: org.apache.velocity.runtime.directive.Include
2022-03-22 19:52:48,327 - Loaded System Directive: org.apache.velocity.runtime.directive.Foreach
2022-03-22 19:52:48,339 - Created: 20 parsers.
2022-03-22 19:52:48,342 - Velocimacro : initialization starting.
2022-03-22 19:52:48,342 - Velocimacro : adding VMs from VM library template : VM_global_library.vm
2022-03-22 19:52:48,343 - ResourceManager : unable to find resource 'VM_global_library.vm' in any resource loader.
2022-03-22 19:52:48,343 - Velocimacro : error using  VM library template VM_global_library.vm : org.apache.velocity.exception.ResourceNotFoundException: Unable to find resource 'VM_global_library.vm'
2022-03-22 19:52:48,343 - Velocimacro :  VM library template macro registration complete.
2022-03-22 19:52:48,343 - Velocimacro : allowInline = true : VMs can be defined inline in templates
2022-03-22 19:52:48,343 - Velocimacro : allowInlineToOverride = false : VMs defined inline may NOT replace previous VM definitions
2022-03-22 19:52:48,343 - Velocimacro : allowInlineLocal = false : VMs defined inline will be  global in scope if allowed.
2022-03-22 19:52:48,343 - Velocimacro : messages on  : VM system will output logging messages
2022-03-22 19:52:48,343 - Velocimacro : autoload off  : VM system will not automatically reload global library macros
2022-03-22 19:52:48,343 - Velocimacro : initialization complete.
2022-03-22 19:52:48,343 - Velocity successfully started.
